[1.172s] Invoking command in '/home/ubuntu/ros2_ws_robottest/src/brobot_tf': PYTHONPATH=/home/ubuntu/ros2_ws_robottest/build/brobot_tf/prefix_override:/usr/lib/python3/dist-packages/colcon_core/task/python/colcon_distutils_commands:/home/ubuntu/ros2_ws_robottest/install/brobot_tf/lib/python3.10/site-packages:${PYTHONPATH} /usr/bin/python3 -W ignore:setup.py install is deprecated -W ignore:easy_install command is deprecated setup.py egg_info --egg-base ../../build/brobot_tf build --build-base /home/ubuntu/ros2_ws_robottest/build/brobot_tf/build install --record /home/ubuntu/ros2_ws_robottest/build/brobot_tf/install.log --single-version-externally-managed install_data
[1.382s] running egg_info
[1.383s] writing ../../build/brobot_tf/brobot_tf.egg-info/PKG-INFO
[1.384s] writing dependency_links to ../../build/brobot_tf/brobot_tf.egg-info/dependency_links.txt
[1.385s] writing entry points to ../../build/brobot_tf/brobot_tf.egg-info/entry_points.txt
[1.385s] writing requirements to ../../build/brobot_tf/brobot_tf.egg-info/requires.txt
[1.385s] writing top-level names to ../../build/brobot_tf/brobot_tf.egg-info/top_level.txt
[1.386s] reading manifest file '../../build/brobot_tf/brobot_tf.egg-info/SOURCES.txt'
[1.387s] writing manifest file '../../build/brobot_tf/brobot_tf.egg-info/SOURCES.txt'
[1.387s] running build
[1.388s] running build_py
[1.388s] running install
[1.389s] running install_lib
[1.391s] running install_data
[1.394s] running install_egg_info
[1.394s] removing '/home/ubuntu/ros2_ws_robottest/install/brobot_tf/lib/python3.10/site-packages/brobot_tf-0.0.0-py3.10.egg-info' (and everything under it)
[1.395s] Copying ../../build/brobot_tf/brobot_tf.egg-info to /home/ubuntu/ros2_ws_robottest/install/brobot_tf/lib/python3.10/site-packages/brobot_tf-0.0.0-py3.10.egg-info
[1.396s] running install_scripts
[1.424s] Installing tf script to /home/ubuntu/ros2_ws_robottest/install/brobot_tf/lib/brobot_tf
[1.424s] writing list of installed files to '/home/ubuntu/ros2_ws_robottest/build/brobot_tf/install.log'
[1.453s] Invoked command in '/home/ubuntu/ros2_ws_robottest/src/brobot_tf' returned '0': PYTHONPATH=/home/ubuntu/ros2_ws_robottest/build/brobot_tf/prefix_override:/usr/lib/python3/dist-packages/colcon_core/task/python/colcon_distutils_commands:/home/ubuntu/ros2_ws_robottest/install/brobot_tf/lib/python3.10/site-packages:${PYTHONPATH} /usr/bin/python3 -W ignore:setup.py install is deprecated -W ignore:easy_install command is deprecated setup.py egg_info --egg-base ../../build/brobot_tf build --build-base /home/ubuntu/ros2_ws_robottest/build/brobot_tf/build install --record /home/ubuntu/ros2_ws_robottest/build/brobot_tf/install.log --single-version-externally-managed install_data
