running egg_info
creating ../../build/brobot_display/brobot_display.egg-info
writing ../../build/brobot_display/brobot_display.egg-info/PKG-INFO
writing dependency_links to ../../build/brobot_display/brobot_display.egg-info/dependency_links.txt
writing entry points to ../../build/brobot_display/brobot_display.egg-info/entry_points.txt
writing requirements to ../../build/brobot_display/brobot_display.egg-info/requires.txt
writing top-level names to ../../build/brobot_display/brobot_display.egg-info/top_level.txt
writing manifest file '../../build/brobot_display/brobot_display.egg-info/SOURCES.txt'
reading manifest file '../../build/brobot_display/brobot_display.egg-info/SOURCES.txt'
writing manifest file '../../build/brobot_display/brobot_display.egg-info/SOURCES.txt'
running build
running install
running install_data
creating /home/ubuntu/ros2_ws_robottest/install/brobot_display/share/ament_index
creating /home/ubuntu/ros2_ws_robottest/install/brobot_display/share/ament_index/resource_index
creating /home/ubuntu/ros2_ws_robottest/install/brobot_display/share/ament_index/resource_index/packages
copying resource/brobot_display -> /home/ubuntu/ros2_ws_robottest/install/brobot_display/share/ament_index/resource_index/packages
copying package.xml -> /home/ubuntu/ros2_ws_robottest/install/brobot_display/share/brobot_display
creating /home/ubuntu/ros2_ws_robottest/install/brobot_display/share/brobot_display/launch
copying launch/display.launch.py -> /home/ubuntu/ros2_ws_robottest/install/brobot_display/share/brobot_display/launch
creating /home/ubuntu/ros2_ws_robottest/install/brobot_display/share/brobot_display/urdf
copying urdf/brobot.urdf.xacro -> /home/ubuntu/ros2_ws_robottest/install/brobot_display/share/brobot_display/urdf
creating /home/ubuntu/ros2_ws_robottest/install/brobot_display/share/brobot_display/rviz
copying rviz/display.rviz -> /home/ubuntu/ros2_ws_robottest/install/brobot_display/share/brobot_display/rviz
creating /home/ubuntu/ros2_ws_robottest/install/brobot_display/share/brobot_display/meshes
copying meshes/base.stl -> /home/ubuntu/ros2_ws_robottest/install/brobot_display/share/brobot_display/meshes
running install_egg_info
Copying ../../build/brobot_display/brobot_display.egg-info to /home/ubuntu/ros2_ws_robottest/install/brobot_display/lib/python3.10/site-packages/brobot_display-0.0.0-py3.10.egg-info
running install_scripts
writing list of installed files to '/home/ubuntu/ros2_ws_robottest/build/brobot_display/install.log'
