[1.290s] Invoking command in '/home/ubuntu/ros2_ws_robottest/src/brobot_display': PYTHONPATH=/home/ubuntu/ros2_ws_robottest/build/brobot_display/prefix_override:/usr/lib/python3/dist-packages/colcon_core/task/python/colcon_distutils_commands:/home/ubuntu/ros2_ws_robottest/install/brobot_display/lib/python3.10/site-packages:${PYTHONPATH} /usr/bin/python3 -W ignore:setup.py install is deprecated -W ignore:easy_install command is deprecated setup.py egg_info --egg-base ../../build/brobot_display build --build-base /home/ubuntu/ros2_ws_robottest/build/brobot_display/build install --record /home/ubuntu/ros2_ws_robottest/build/brobot_display/install.log --single-version-externally-managed install_data
[1.566s] running egg_info
[1.567s] creating ../../build/brobot_display/brobot_display.egg-info
[1.567s] writing ../../build/brobot_display/brobot_display.egg-info/PKG-INFO
[1.567s] writing dependency_links to ../../build/brobot_display/brobot_display.egg-info/dependency_links.txt
[1.567s] writing entry points to ../../build/brobot_display/brobot_display.egg-info/entry_points.txt
[1.567s] writing requirements to ../../build/brobot_display/brobot_display.egg-info/requires.txt
[1.568s] writing top-level names to ../../build/brobot_display/brobot_display.egg-info/top_level.txt
[1.568s] writing manifest file '../../build/brobot_display/brobot_display.egg-info/SOURCES.txt'
[1.568s] reading manifest file '../../build/brobot_display/brobot_display.egg-info/SOURCES.txt'
[1.570s] writing manifest file '../../build/brobot_display/brobot_display.egg-info/SOURCES.txt'
[1.570s] running build
[1.570s] running install
[1.570s] running install_data
[1.571s] creating /home/ubuntu/ros2_ws_robottest/install/brobot_display/share/ament_index
[1.571s] creating /home/ubuntu/ros2_ws_robottest/install/brobot_display/share/ament_index/resource_index
[1.571s] creating /home/ubuntu/ros2_ws_robottest/install/brobot_display/share/ament_index/resource_index/packages
[1.571s] copying resource/brobot_display -> /home/ubuntu/ros2_ws_robottest/install/brobot_display/share/ament_index/resource_index/packages
[1.571s] copying package.xml -> /home/ubuntu/ros2_ws_robottest/install/brobot_display/share/brobot_display
[1.571s] creating /home/ubuntu/ros2_ws_robottest/install/brobot_display/share/brobot_display/launch
[1.571s] copying launch/display.launch.py -> /home/ubuntu/ros2_ws_robottest/install/brobot_display/share/brobot_display/launch
[1.571s] creating /home/ubuntu/ros2_ws_robottest/install/brobot_display/share/brobot_display/urdf
[1.571s] copying urdf/brobot.urdf.xacro -> /home/ubuntu/ros2_ws_robottest/install/brobot_display/share/brobot_display/urdf
[1.571s] creating /home/ubuntu/ros2_ws_robottest/install/brobot_display/share/brobot_display/rviz
[1.571s] copying rviz/display.rviz -> /home/ubuntu/ros2_ws_robottest/install/brobot_display/share/brobot_display/rviz
[1.571s] creating /home/ubuntu/ros2_ws_robottest/install/brobot_display/share/brobot_display/meshes
[1.571s] copying meshes/base.stl -> /home/ubuntu/ros2_ws_robottest/install/brobot_display/share/brobot_display/meshes
[1.599s] running install_egg_info
[1.603s] Copying ../../build/brobot_display/brobot_display.egg-info to /home/ubuntu/ros2_ws_robottest/install/brobot_display/lib/python3.10/site-packages/brobot_display-0.0.0-py3.10.egg-info
[1.603s] running install_scripts
[1.618s] writing list of installed files to '/home/ubuntu/ros2_ws_robottest/build/brobot_display/install.log'
[1.635s] Invoked command in '/home/ubuntu/ros2_ws_robottest/src/brobot_display' returned '0': PYTHONPATH=/home/ubuntu/ros2_ws_robottest/build/brobot_display/prefix_override:/usr/lib/python3/dist-packages/colcon_core/task/python/colcon_distutils_commands:/home/ubuntu/ros2_ws_robottest/install/brobot_display/lib/python3.10/site-packages:${PYTHONPATH} /usr/bin/python3 -W ignore:setup.py install is deprecated -W ignore:easy_install command is deprecated setup.py egg_info --egg-base ../../build/brobot_display build --build-base /home/ubuntu/ros2_ws_robottest/build/brobot_display/build install --record /home/ubuntu/ros2_ws_robottest/build/brobot_display/install.log --single-version-externally-managed install_data
