running egg_info
creating ../../build/brobot_tf/brobot_tf.egg-info
writing ../../build/brobot_tf/brobot_tf.egg-info/PKG-INFO
writing dependency_links to ../../build/brobot_tf/brobot_tf.egg-info/dependency_links.txt
writing entry points to ../../build/brobot_tf/brobot_tf.egg-info/entry_points.txt
writing requirements to ../../build/brobot_tf/brobot_tf.egg-info/requires.txt
writing top-level names to ../../build/brobot_tf/brobot_tf.egg-info/top_level.txt
writing manifest file '../../build/brobot_tf/brobot_tf.egg-info/SOURCES.txt'
reading manifest file '../../build/brobot_tf/brobot_tf.egg-info/SOURCES.txt'
writing manifest file '../../build/brobot_tf/brobot_tf.egg-info/SOURCES.txt'
running build
running build_py
creating /home/ubuntu/ros2_ws_robottest/build/brobot_tf/build
creating /home/ubuntu/ros2_ws_robottest/build/brobot_tf/build/lib
creating /home/ubuntu/ros2_ws_robottest/build/brobot_tf/build/lib/brobot_tf
copying brobot_tf/tf_broadcaster.py -> /home/ubuntu/ros2_ws_robottest/build/brobot_tf/build/lib/brobot_tf
copying brobot_tf/__init__.py -> /home/ubuntu/ros2_ws_robottest/build/brobot_tf/build/lib/brobot_tf
running install
running install_lib
creating /home/ubuntu/ros2_ws_robottest/install/brobot_tf/lib/python3.10/site-packages/brobot_tf
copying /home/ubuntu/ros2_ws_robottest/build/brobot_tf/build/lib/brobot_tf/tf_broadcaster.py -> /home/ubuntu/ros2_ws_robottest/install/brobot_tf/lib/python3.10/site-packages/brobot_tf
copying /home/ubuntu/ros2_ws_robottest/build/brobot_tf/build/lib/brobot_tf/__init__.py -> /home/ubuntu/ros2_ws_robottest/install/brobot_tf/lib/python3.10/site-packages/brobot_tf
byte-compiling /home/ubuntu/ros2_ws_robottest/install/brobot_tf/lib/python3.10/site-packages/brobot_tf/tf_broadcaster.py to tf_broadcaster.cpython-310.pyc
byte-compiling /home/ubuntu/ros2_ws_robottest/install/brobot_tf/lib/python3.10/site-packages/brobot_tf/__init__.py to __init__.cpython-310.pyc
running install_data
copying package.xml -> /home/ubuntu/ros2_ws_robottest/install/brobot_tf/share/brobot_tf
running install_egg_info
Copying ../../build/brobot_tf/brobot_tf.egg-info to /home/ubuntu/ros2_ws_robottest/install/brobot_tf/lib/python3.10/site-packages/brobot_tf-0.0.0-py3.10.egg-info
running install_scripts
Installing tf script to /home/ubuntu/ros2_ws_robottest/install/brobot_tf/lib/brobot_tf
writing list of installed files to '/home/ubuntu/ros2_ws_robottest/build/brobot_tf/install.log'
