[1.744s] Invoking command in '/home/ubuntu/ros2_ws_robottest/src/brobot_odom': PYTHONPATH=/home/ubuntu/ros2_ws_robottest/build/brobot_odom/prefix_override:/usr/lib/python3/dist-packages/colcon_core/task/python/colcon_distutils_commands:/home/ubuntu/ros2_ws_robottest/install/brobot_odom/lib/python3.10/site-packages:${PYTHONPATH} /usr/bin/python3 -W ignore:setup.py install is deprecated -W ignore:easy_install command is deprecated setup.py egg_info --egg-base ../../build/brobot_odom build --build-base /home/ubuntu/ros2_ws_robottest/build/brobot_odom/build install --record /home/ubuntu/ros2_ws_robottest/build/brobot_odom/install.log --single-version-externally-managed install_data
[2.053s] running egg_info
[2.054s] writing ../../build/brobot_odom/brobot_odom.egg-info/PKG-INFO
[2.055s] writing dependency_links to ../../build/brobot_odom/brobot_odom.egg-info/dependency_links.txt
[2.055s] writing entry points to ../../build/brobot_odom/brobot_odom.egg-info/entry_points.txt
[2.055s] writing requirements to ../../build/brobot_odom/brobot_odom.egg-info/requires.txt
[2.055s] writing top-level names to ../../build/brobot_odom/brobot_odom.egg-info/top_level.txt
[2.057s] reading manifest file '../../build/brobot_odom/brobot_odom.egg-info/SOURCES.txt'
[2.058s] writing manifest file '../../build/brobot_odom/brobot_odom.egg-info/SOURCES.txt'
[2.058s] running build
[2.058s] running build_py
[2.058s] running install
[2.059s] running install_lib
[2.061s] running install_data
[2.062s] running install_egg_info
[2.064s] removing '/home/ubuntu/ros2_ws_robottest/install/brobot_odom/lib/python3.10/site-packages/brobot_odom-0.0.1-py3.10.egg-info' (and everything under it)
[2.065s] Copying ../../build/brobot_odom/brobot_odom.egg-info to /home/ubuntu/ros2_ws_robottest/install/brobot_odom/lib/python3.10/site-packages/brobot_odom-0.0.1-py3.10.egg-info
[2.065s] running install_scripts
[2.089s] Installing odom script to /home/ubuntu/ros2_ws_robottest/install/brobot_odom/lib/brobot_odom
[2.090s] writing list of installed files to '/home/ubuntu/ros2_ws_robottest/build/brobot_odom/install.log'
[2.149s] Invoked command in '/home/ubuntu/ros2_ws_robottest/src/brobot_odom' returned '0': PYTHONPATH=/home/ubuntu/ros2_ws_robottest/build/brobot_odom/prefix_override:/usr/lib/python3/dist-packages/colcon_core/task/python/colcon_distutils_commands:/home/ubuntu/ros2_ws_robottest/install/brobot_odom/lib/python3.10/site-packages:${PYTHONPATH} /usr/bin/python3 -W ignore:setup.py install is deprecated -W ignore:easy_install command is deprecated setup.py egg_info --egg-base ../../build/brobot_odom build --build-base /home/ubuntu/ros2_ws_robottest/build/brobot_odom/build install --record /home/ubuntu/ros2_ws_robottest/build/brobot_odom/install.log --single-version-externally-managed install_data
