[1.335s] Invoking command in '/home/ubuntu/ros2_ws_robottest/src/brobot_joystick': PYTHONPATH=/home/ubuntu/ros2_ws_robottest/build/brobot_joystick/prefix_override:/usr/lib/python3/dist-packages/colcon_core/task/python/colcon_distutils_commands:/home/ubuntu/ros2_ws_robottest/install/brobot_joystick/lib/python3.10/site-packages:${PYTHONPATH} /usr/bin/python3 -W ignore:setup.py install is deprecated -W ignore:easy_install command is deprecated setup.py egg_info --egg-base ../../build/brobot_joystick build --build-base /home/ubuntu/ros2_ws_robottest/build/brobot_joystick/build install --record /home/ubuntu/ros2_ws_robottest/build/brobot_joystick/install.log --single-version-externally-managed install_data
[1.608s] running egg_info
[1.609s] writing ../../build/brobot_joystick/brobot_joystick.egg-info/PKG-INFO
[1.609s] writing dependency_links to ../../build/brobot_joystick/brobot_joystick.egg-info/dependency_links.txt
[1.610s] writing entry points to ../../build/brobot_joystick/brobot_joystick.egg-info/entry_points.txt
[1.610s] writing requirements to ../../build/brobot_joystick/brobot_joystick.egg-info/requires.txt
[1.610s] writing top-level names to ../../build/brobot_joystick/brobot_joystick.egg-info/top_level.txt
[1.611s] reading manifest file '../../build/brobot_joystick/brobot_joystick.egg-info/SOURCES.txt'
[1.612s] writing manifest file '../../build/brobot_joystick/brobot_joystick.egg-info/SOURCES.txt'
[1.612s] running build
[1.612s] running build_py
[1.612s] copying brobot_joystick/joy_xbox.py -> /home/ubuntu/ros2_ws_robottest/build/brobot_joystick/build/lib/brobot_joystick
[1.612s] running install
[1.612s] running install_lib
[1.613s] copying /home/ubuntu/ros2_ws_robottest/build/brobot_joystick/build/lib/brobot_joystick/joy_xbox.py -> /home/ubuntu/ros2_ws_robottest/install/brobot_joystick/lib/python3.10/site-packages/brobot_joystick
[1.613s] byte-compiling /home/ubuntu/ros2_ws_robottest/install/brobot_joystick/lib/python3.10/site-packages/brobot_joystick/joy_xbox.py to joy_xbox.cpython-310.pyc
[1.614s] running install_data
[1.614s] running install_egg_info
[1.616s] removing '/home/ubuntu/ros2_ws_robottest/install/brobot_joystick/lib/python3.10/site-packages/brobot_joystick-0.0.0-py3.10.egg-info' (and everything under it)
[1.617s] Copying ../../build/brobot_joystick/brobot_joystick.egg-info to /home/ubuntu/ros2_ws_robottest/install/brobot_joystick/lib/python3.10/site-packages/brobot_joystick-0.0.0-py3.10.egg-info
[1.618s] running install_scripts
[1.638s] Installing joyxbox script to /home/ubuntu/ros2_ws_robottest/install/brobot_joystick/lib/brobot_joystick
[1.638s] writing list of installed files to '/home/ubuntu/ros2_ws_robottest/build/brobot_joystick/install.log'
[1.661s] Invoked command in '/home/ubuntu/ros2_ws_robottest/src/brobot_joystick' returned '0': PYTHONPATH=/home/ubuntu/ros2_ws_robottest/build/brobot_joystick/prefix_override:/usr/lib/python3/dist-packages/colcon_core/task/python/colcon_distutils_commands:/home/ubuntu/ros2_ws_robottest/install/brobot_joystick/lib/python3.10/site-packages:${PYTHONPATH} /usr/bin/python3 -W ignore:setup.py install is deprecated -W ignore:easy_install command is deprecated setup.py egg_info --egg-base ../../build/brobot_joystick build --build-base /home/ubuntu/ros2_ws_robottest/build/brobot_joystick/build install --record /home/ubuntu/ros2_ws_robottest/build/brobot_joystick/install.log --single-version-externally-managed install_data
