running egg_info
creating ../../build/brobot_joystick/brobot_joystick.egg-info
writing ../../build/brobot_joystick/brobot_joystick.egg-info/PKG-INFO
writing dependency_links to ../../build/brobot_joystick/brobot_joystick.egg-info/dependency_links.txt
writing entry points to ../../build/brobot_joystick/brobot_joystick.egg-info/entry_points.txt
writing requirements to ../../build/brobot_joystick/brobot_joystick.egg-info/requires.txt
writing top-level names to ../../build/brobot_joystick/brobot_joystick.egg-info/top_level.txt
writing manifest file '../../build/brobot_joystick/brobot_joystick.egg-info/SOURCES.txt'
reading manifest file '../../build/brobot_joystick/brobot_joystick.egg-info/SOURCES.txt'
writing manifest file '../../build/brobot_joystick/brobot_joystick.egg-info/SOURCES.txt'
running build
running build_py
creating /home/ubuntu/ros2_ws_robottest/build/brobot_joystick/build
creating /home/ubuntu/ros2_ws_robottest/build/brobot_joystick/build/lib
creating /home/ubuntu/ros2_ws_robottest/build/brobot_joystick/build/lib/brobot_joystick
copying brobot_joystick/__init__.py -> /home/ubuntu/ros2_ws_robottest/build/brobot_joystick/build/lib/brobot_joystick
running install
running install_lib
creating /home/ubuntu/ros2_ws_robottest/install/brobot_joystick/lib/python3.10/site-packages/brobot_joystick
copying /home/ubuntu/ros2_ws_robottest/build/brobot_joystick/build/lib/brobot_joystick/__init__.py -> /home/ubuntu/ros2_ws_robottest/install/brobot_joystick/lib/python3.10/site-packages/brobot_joystick
byte-compiling /home/ubuntu/ros2_ws_robottest/install/brobot_joystick/lib/python3.10/site-packages/brobot_joystick/__init__.py to __init__.cpython-310.pyc
running install_data
creating /home/ubuntu/ros2_ws_robottest/install/brobot_joystick/share/ament_index
creating /home/ubuntu/ros2_ws_robottest/install/brobot_joystick/share/ament_index/resource_index
creating /home/ubuntu/ros2_ws_robottest/install/brobot_joystick/share/ament_index/resource_index/packages
copying resource/brobot_joystick -> /home/ubuntu/ros2_ws_robottest/install/brobot_joystick/share/ament_index/resource_index/packages
copying package.xml -> /home/ubuntu/ros2_ws_robottest/install/brobot_joystick/share/brobot_joystick
running install_egg_info
Copying ../../build/brobot_joystick/brobot_joystick.egg-info to /home/ubuntu/ros2_ws_robottest/install/brobot_joystick/lib/python3.10/site-packages/brobot_joystick-0.0.0-py3.10.egg-info
running install_scripts
Installing joyxbox script to /home/ubuntu/ros2_ws_robottest/install/brobot_joystick/lib/brobot_joystick
writing list of installed files to '/home/ubuntu/ros2_ws_robottest/build/brobot_joystick/install.log'
