[1.229s] Invoking command in '/home/ubuntu/ros2_ws_robottest/src/brobot_odom': PYTHONPATH=/home/ubuntu/ros2_ws_robottest/build/brobot_odom/prefix_override:/usr/lib/python3/dist-packages/colcon_core/task/python/colcon_distutils_commands:/home/ubuntu/ros2_ws_robottest/install/brobot_odom/lib/python3.10/site-packages:${PYTHONPATH} /usr/bin/python3 -W ignore:setup.py install is deprecated -W ignore:easy_install command is deprecated setup.py egg_info --egg-base ../../build/brobot_odom build --build-base /home/ubuntu/ros2_ws_robottest/build/brobot_odom/build install --record /home/ubuntu/ros2_ws_robottest/build/brobot_odom/install.log --single-version-externally-managed install_data
[1.511s] running egg_info
[1.512s] creating ../../build/brobot_odom/brobot_odom.egg-info
[1.512s] writing ../../build/brobot_odom/brobot_odom.egg-info/PKG-INFO
[1.512s] writing dependency_links to ../../build/brobot_odom/brobot_odom.egg-info/dependency_links.txt
[1.513s] writing entry points to ../../build/brobot_odom/brobot_odom.egg-info/entry_points.txt
[1.513s] writing requirements to ../../build/brobot_odom/brobot_odom.egg-info/requires.txt
[1.513s] writing top-level names to ../../build/brobot_odom/brobot_odom.egg-info/top_level.txt
[1.514s] writing manifest file '../../build/brobot_odom/brobot_odom.egg-info/SOURCES.txt'
[1.515s] reading manifest file '../../build/brobot_odom/brobot_odom.egg-info/SOURCES.txt'
[1.516s] writing manifest file '../../build/brobot_odom/brobot_odom.egg-info/SOURCES.txt'
[1.517s] running build
[1.517s] running build_py
[1.517s] creating /home/ubuntu/ros2_ws_robottest/build/brobot_odom/build
[1.517s] creating /home/ubuntu/ros2_ws_robottest/build/brobot_odom/build/lib
[1.517s] creating /home/ubuntu/ros2_ws_robottest/build/brobot_odom/build/lib/brobot_odom
[1.517s] copying brobot_odom/__init__.py -> /home/ubuntu/ros2_ws_robottest/build/brobot_odom/build/lib/brobot_odom
[1.517s] copying brobot_odom/odom_publisher.py -> /home/ubuntu/ros2_ws_robottest/build/brobot_odom/build/lib/brobot_odom
[1.518s] running install
[1.518s] running install_lib
[1.518s] creating /home/ubuntu/ros2_ws_robottest/install/brobot_odom/lib/python3.10/site-packages/brobot_odom
[1.518s] copying /home/ubuntu/ros2_ws_robottest/build/brobot_odom/build/lib/brobot_odom/__init__.py -> /home/ubuntu/ros2_ws_robottest/install/brobot_odom/lib/python3.10/site-packages/brobot_odom
[1.518s] copying /home/ubuntu/ros2_ws_robottest/build/brobot_odom/build/lib/brobot_odom/odom_publisher.py -> /home/ubuntu/ros2_ws_robottest/install/brobot_odom/lib/python3.10/site-packages/brobot_odom
[1.519s] byte-compiling /home/ubuntu/ros2_ws_robottest/install/brobot_odom/lib/python3.10/site-packages/brobot_odom/__init__.py to __init__.cpython-310.pyc
[1.519s] byte-compiling /home/ubuntu/ros2_ws_robottest/install/brobot_odom/lib/python3.10/site-packages/brobot_odom/odom_publisher.py to odom_publisher.cpython-310.pyc
[1.520s] running install_data
[1.520s] copying package.xml -> /home/ubuntu/ros2_ws_robottest/install/brobot_odom/share/brobot_odom
[1.520s] creating /home/ubuntu/ros2_ws_robottest/install/brobot_odom/share/brobot_odom/launch
[1.520s] copying launch/ekf_launch.py -> /home/ubuntu/ros2_ws_robottest/install/brobot_odom/share/brobot_odom/launch
[1.521s] creating /home/ubuntu/ros2_ws_robottest/install/brobot_odom/share/brobot_odom/config
[1.522s] copying config/ekf.yaml -> /home/ubuntu/ros2_ws_robottest/install/brobot_odom/share/brobot_odom/config
[1.522s] creating /home/ubuntu/ros2_ws_robottest/install/brobot_odom/share/brobot_odom/resource
[1.522s] copying resource/brobot_odom -> /home/ubuntu/ros2_ws_robottest/install/brobot_odom/share/brobot_odom/resource
[1.522s] running install_egg_info
[1.524s] Copying ../../build/brobot_odom/brobot_odom.egg-info to /home/ubuntu/ros2_ws_robottest/install/brobot_odom/lib/python3.10/site-packages/brobot_odom-0.0.1-py3.10.egg-info
[1.524s] running install_scripts
[1.549s] Installing odom script to /home/ubuntu/ros2_ws_robottest/install/brobot_odom/lib/brobot_odom
[1.549s] writing list of installed files to '/home/ubuntu/ros2_ws_robottest/build/brobot_odom/install.log'
[1.572s] Invoked command in '/home/ubuntu/ros2_ws_robottest/src/brobot_odom' returned '0': PYTHONPATH=/home/ubuntu/ros2_ws_robottest/build/brobot_odom/prefix_override:/usr/lib/python3/dist-packages/colcon_core/task/python/colcon_distutils_commands:/home/ubuntu/ros2_ws_robottest/install/brobot_odom/lib/python3.10/site-packages:${PYTHONPATH} /usr/bin/python3 -W ignore:setup.py install is deprecated -W ignore:easy_install command is deprecated setup.py egg_info --egg-base ../../build/brobot_odom build --build-base /home/ubuntu/ros2_ws_robottest/build/brobot_odom/build install --record /home/ubuntu/ros2_ws_robottest/build/brobot_odom/install.log --single-version-externally-managed install_data
