[0.063s] DEBUG:colcon:Command line arguments: ['/usr/bin/colcon', 'build']
[0.063s] DEBUG:colcon:Parsed command line arguments: Namespace(log_base=None, log_level=None, verb_name='build', build_base='build', install_base='install', merge_install=False, symlink_install=False, test_result_base=None, continue_on_error=False, executor='parallel', parallel_workers=8, event_handlers=None, ignore_user_meta=False, metas=['./colcon.meta'], base_paths=['.'], packages_ignore=None, packages_ignore_regex=None, paths=None, packages_up_to=None, packages_up_to_regex=None, packages_above=None, packages_above_and_dependencies=None, packages_above_depth=None, packages_select_by_dep=None, packages_skip_by_dep=None, packages_skip_up_to=None, packages_select_build_failed=False, packages_skip_build_finished=False, packages_select_test_failures=False, packages_skip_test_passed=False, packages_select=None, packages_skip=None, packages_select_regex=None, packages_skip_regex=None, packages_start=None, packages_end=None, allow_overriding=[], cmake_args=None, cmake_target=None, cmake_target_skip_unavailable=False, cmake_clean_cache=False, cmake_clean_first=False, cmake_force_configure=False, ament_cmake_args=None, catkin_cmake_args=None, catkin_skip_building_tests=False, mixin_files=None, mixin=None, verb_parser=<colcon_mixin.mixin.mixin_argument.MixinArgumentDecorator object at 0x7dcc38c5b8e0>, verb_extension=<colcon_core.verb.build.BuildVerb object at 0x7dcc38c5b250>, main=<bound method BuildVerb.main of <colcon_core.verb.build.BuildVerb object at 0x7dcc38c5b250>>, mixin_verb=('build',))
[0.155s] Level 1:colcon.colcon_core.package_discovery:discover_packages(colcon_meta) check parameters
[0.155s] Level 1:colcon.colcon_core.package_discovery:discover_packages(recursive) check parameters
[0.155s] Level 1:colcon.colcon_core.package_discovery:discover_packages(ignore) check parameters
[0.155s] Level 1:colcon.colcon_core.package_discovery:discover_packages(path) check parameters
[0.155s] Level 1:colcon.colcon_core.package_discovery:discover_packages(colcon_meta) discover
[0.155s] Level 1:colcon.colcon_core.package_discovery:discover_packages(recursive) discover
[0.155s] INFO:colcon.colcon_core.package_discovery:Crawling recursively for packages in '/home/ubuntu/ros2_ws_robottest'
[0.155s] Level 1:colcon.colcon_core.package_identification:_identify(.) by extensions ['ignore', 'ignore_ament_install']
[0.155s] Level 1:colcon.colcon_core.package_identification:_identify(.) by extension 'ignore'
[0.155s] Level 1:colcon.colcon_core.package_identification:_identify(.) by extension 'ignore_ament_install'
[0.155s] Level 1:colcon.colcon_core.package_identification:_identify(.) by extensions ['colcon_pkg']
[0.155s] Level 1:colcon.colcon_core.package_identification:_identify(.) by extension 'colcon_pkg'
[0.155s] Level 1:colcon.colcon_core.package_identification:_identify(.) by extensions ['colcon_meta']
[0.155s] Level 1:colcon.colcon_core.package_identification:_identify(.) by extension 'colcon_meta'
[0.155s] Level 1:colcon.colcon_core.package_identification:_identify(.) by extensions ['ros']
[0.155s] Level 1:colcon.colcon_core.package_identification:_identify(.) by extension 'ros'
[0.161s] Level 1:colcon.colcon_core.package_identification:_identify(.) by extensions ['cmake', 'python']
[0.161s] Level 1:colcon.colcon_core.package_identification:_identify(.) by extension 'cmake'
[0.161s] Level 1:colcon.colcon_core.package_identification:_identify(.) by extension 'python'
[0.161s] Level 1:colcon.colcon_core.package_identification:_identify(.) by extensions ['python_setup_py']
[0.161s] Level 1:colcon.colcon_core.package_identification:_identify(.) by extension 'python_setup_py'
[0.162s] Level 1:colcon.colcon_core.package_identification:_identify(build) by extensions ['ignore', 'ignore_ament_install']
[0.162s] Level 1:colcon.colcon_core.package_identification:_identify(build) by extension 'ignore'
[0.162s] Level 1:colcon.colcon_core.package_identification:_identify(build) ignored
[0.162s] Level 1:colcon.colcon_core.package_identification:_identify(install) by extensions ['ignore', 'ignore_ament_install']
[0.162s] Level 1:colcon.colcon_core.package_identification:_identify(install) by extension 'ignore'
[0.162s] Level 1:colcon.colcon_core.package_identification:_identify(install) ignored
[0.162s] Level 1:colcon.colcon_core.package_identification:_identify(log) by extensions ['ignore', 'ignore_ament_install']
[0.162s] Level 1:colcon.colcon_core.package_identification:_identify(log) by extension 'ignore'
[0.162s] Level 1:colcon.colcon_core.package_identification:_identify(log) ignored
[0.162s] Level 1:colcon.colcon_core.package_identification:_identify(src) by extensions ['ignore', 'ignore_ament_install']
[0.162s] Level 1:colcon.colcon_core.package_identification:_identify(src) by extension 'ignore'
[0.162s] Level 1:colcon.colcon_core.package_identification:_identify(src) by extension 'ignore_ament_install'
[0.162s] Level 1:colcon.colcon_core.package_identification:_identify(src) by extensions ['colcon_pkg']
[0.162s] Level 1:colcon.colcon_core.package_identification:_identify(src) by extension 'colcon_pkg'
[0.162s] Level 1:colcon.colcon_core.package_identification:_identify(src) by extensions ['colcon_meta']
[0.162s] Level 1:colcon.colcon_core.package_identification:_identify(src) by extension 'colcon_meta'
[0.162s] Level 1:colcon.colcon_core.package_identification:_identify(src) by extensions ['ros']
[0.162s] Level 1:colcon.colcon_core.package_identification:_identify(src) by extension 'ros'
[0.162s] Level 1:colcon.colcon_core.package_identification:_identify(src) by extensions ['cmake', 'python']
[0.162s] Level 1:colcon.colcon_core.package_identification:_identify(src) by extension 'cmake'
[0.162s] Level 1:colcon.colcon_core.package_identification:_identify(src) by extension 'python'
[0.162s] Level 1:colcon.colcon_core.package_identification:_identify(src) by extensions ['python_setup_py']
[0.162s] Level 1:colcon.colcon_core.package_identification:_identify(src) by extension 'python_setup_py'
[0.162s] Level 1:colcon.colcon_core.package_identification:_identify(src/brobot_display) by extensions ['ignore', 'ignore_ament_install']
[0.162s] Level 1:colcon.colcon_core.package_identification:_identify(src/brobot_display) by extension 'ignore'
[0.162s] Level 1:colcon.colcon_core.package_identification:_identify(src/brobot_display) by extension 'ignore_ament_install'
[0.162s] Level 1:colcon.colcon_core.package_identification:_identify(src/brobot_display) by extensions ['colcon_pkg']
[0.162s] Level 1:colcon.colcon_core.package_identification:_identify(src/brobot_display) by extension 'colcon_pkg'
[0.162s] Level 1:colcon.colcon_core.package_identification:_identify(src/brobot_display) by extensions ['colcon_meta']
[0.162s] Level 1:colcon.colcon_core.package_identification:_identify(src/brobot_display) by extension 'colcon_meta'
[0.162s] Level 1:colcon.colcon_core.package_identification:_identify(src/brobot_display) by extensions ['ros']
[0.162s] Level 1:colcon.colcon_core.package_identification:_identify(src/brobot_display) by extension 'ros'
[0.164s] DEBUG:colcon.colcon_core.package_identification:Package 'src/brobot_display' with type 'ros.ament_python' and name 'brobot_display'
[0.164s] Level 1:colcon.colcon_core.package_identification:_identify(src/brobot_joystick) by extensions ['ignore', 'ignore_ament_install']
[0.164s] Level 1:colcon.colcon_core.package_identification:_identify(src/brobot_joystick) by extension 'ignore'
[0.164s] Level 1:colcon.colcon_core.package_identification:_identify(src/brobot_joystick) by extension 'ignore_ament_install'
[0.164s] Level 1:colcon.colcon_core.package_identification:_identify(src/brobot_joystick) by extensions ['colcon_pkg']
[0.164s] Level 1:colcon.colcon_core.package_identification:_identify(src/brobot_joystick) by extension 'colcon_pkg'
[0.164s] Level 1:colcon.colcon_core.package_identification:_identify(src/brobot_joystick) by extensions ['colcon_meta']
[0.164s] Level 1:colcon.colcon_core.package_identification:_identify(src/brobot_joystick) by extension 'colcon_meta'
[0.164s] Level 1:colcon.colcon_core.package_identification:_identify(src/brobot_joystick) by extensions ['ros']
[0.164s] Level 1:colcon.colcon_core.package_identification:_identify(src/brobot_joystick) by extension 'ros'
[0.164s] DEBUG:colcon.colcon_core.package_identification:Package 'src/brobot_joystick' with type 'ros.ament_python' and name 'brobot_joystick'
[0.164s] Level 1:colcon.colcon_core.package_identification:_identify(src/brobot_navigation) by extensions ['ignore', 'ignore_ament_install']
[0.165s] Level 1:colcon.colcon_core.package_identification:_identify(src/brobot_navigation) by extension 'ignore'
[0.165s] Level 1:colcon.colcon_core.package_identification:_identify(src/brobot_navigation) by extension 'ignore_ament_install'
[0.165s] Level 1:colcon.colcon_core.package_identification:_identify(src/brobot_navigation) by extensions ['colcon_pkg']
[0.165s] Level 1:colcon.colcon_core.package_identification:_identify(src/brobot_navigation) by extension 'colcon_pkg'
[0.165s] Level 1:colcon.colcon_core.package_identification:_identify(src/brobot_navigation) by extensions ['colcon_meta']
[0.165s] Level 1:colcon.colcon_core.package_identification:_identify(src/brobot_navigation) by extension 'colcon_meta'
[0.165s] Level 1:colcon.colcon_core.package_identification:_identify(src/brobot_navigation) by extensions ['ros']
[0.165s] Level 1:colcon.colcon_core.package_identification:_identify(src/brobot_navigation) by extension 'ros'
[0.165s] DEBUG:colcon.colcon_core.package_identification:Package 'src/brobot_navigation' with type 'ros.ament_python' and name 'brobot_navigation'
[0.165s] Level 1:colcon.colcon_core.package_identification:_identify(src/brobot_odom) by extensions ['ignore', 'ignore_ament_install']
[0.165s] Level 1:colcon.colcon_core.package_identification:_identify(src/brobot_odom) by extension 'ignore'
[0.165s] Level 1:colcon.colcon_core.package_identification:_identify(src/brobot_odom) by extension 'ignore_ament_install'
[0.165s] Level 1:colcon.colcon_core.package_identification:_identify(src/brobot_odom) by extensions ['colcon_pkg']
[0.165s] Level 1:colcon.colcon_core.package_identification:_identify(src/brobot_odom) by extension 'colcon_pkg'
[0.165s] Level 1:colcon.colcon_core.package_identification:_identify(src/brobot_odom) by extensions ['colcon_meta']
[0.165s] Level 1:colcon.colcon_core.package_identification:_identify(src/brobot_odom) by extension 'colcon_meta'
[0.165s] Level 1:colcon.colcon_core.package_identification:_identify(src/brobot_odom) by extensions ['ros']
[0.165s] Level 1:colcon.colcon_core.package_identification:_identify(src/brobot_odom) by extension 'ros'
[0.166s] DEBUG:colcon.colcon_core.package_identification:Package 'src/brobot_odom' with type 'ros.ament_python' and name 'brobot_odom'
[0.166s] Level 1:colcon.colcon_core.package_identification:_identify(src/brobot_slam) by extensions ['ignore', 'ignore_ament_install']
[0.166s] Level 1:colcon.colcon_core.package_identification:_identify(src/brobot_slam) by extension 'ignore'
[0.166s] Level 1:colcon.colcon_core.package_identification:_identify(src/brobot_slam) by extension 'ignore_ament_install'
[0.166s] Level 1:colcon.colcon_core.package_identification:_identify(src/brobot_slam) by extensions ['colcon_pkg']
[0.166s] Level 1:colcon.colcon_core.package_identification:_identify(src/brobot_slam) by extension 'colcon_pkg'
[0.166s] Level 1:colcon.colcon_core.package_identification:_identify(src/brobot_slam) by extensions ['colcon_meta']
[0.166s] Level 1:colcon.colcon_core.package_identification:_identify(src/brobot_slam) by extension 'colcon_meta'
[0.166s] Level 1:colcon.colcon_core.package_identification:_identify(src/brobot_slam) by extensions ['ros']
[0.166s] Level 1:colcon.colcon_core.package_identification:_identify(src/brobot_slam) by extension 'ros'
[0.166s] DEBUG:colcon.colcon_core.package_identification:Package 'src/brobot_slam' with type 'ros.ament_python' and name 'brobot_slam'
[0.166s] Level 1:colcon.colcon_core.package_identification:_identify(src/brobot_tf) by extensions ['ignore', 'ignore_ament_install']
[0.166s] Level 1:colcon.colcon_core.package_identification:_identify(src/brobot_tf) by extension 'ignore'
[0.166s] Level 1:colcon.colcon_core.package_identification:_identify(src/brobot_tf) by extension 'ignore_ament_install'
[0.166s] Level 1:colcon.colcon_core.package_identification:_identify(src/brobot_tf) by extensions ['colcon_pkg']
[0.166s] Level 1:colcon.colcon_core.package_identification:_identify(src/brobot_tf) by extension 'colcon_pkg'
[0.166s] Level 1:colcon.colcon_core.package_identification:_identify(src/brobot_tf) by extensions ['colcon_meta']
[0.166s] Level 1:colcon.colcon_core.package_identification:_identify(src/brobot_tf) by extension 'colcon_meta'
[0.166s] Level 1:colcon.colcon_core.package_identification:_identify(src/brobot_tf) by extensions ['ros']
[0.166s] Level 1:colcon.colcon_core.package_identification:_identify(src/brobot_tf) by extension 'ros'
[0.166s] DEBUG:colcon.colcon_core.package_identification:Package 'src/brobot_tf' with type 'ros.ament_python' and name 'brobot_tf'
[0.167s] Level 1:colcon.colcon_core.package_identification:_identify(src/micro-ROS-Agent) by extensions ['ignore', 'ignore_ament_install']
[0.167s] Level 1:colcon.colcon_core.package_identification:_identify(src/micro-ROS-Agent) by extension 'ignore'
[0.167s] Level 1:colcon.colcon_core.package_identification:_identify(src/micro-ROS-Agent) by extension 'ignore_ament_install'
[0.167s] Level 1:colcon.colcon_core.package_identification:_identify(src/micro-ROS-Agent) by extensions ['colcon_pkg']
[0.167s] Level 1:colcon.colcon_core.package_identification:_identify(src/micro-ROS-Agent) by extension 'colcon_pkg'
[0.167s] Level 1:colcon.colcon_core.package_identification:_identify(src/micro-ROS-Agent) by extensions ['colcon_meta']
[0.167s] Level 1:colcon.colcon_core.package_identification:_identify(src/micro-ROS-Agent) by extension 'colcon_meta'
[0.167s] Level 1:colcon.colcon_core.package_identification:_identify(src/micro-ROS-Agent) by extensions ['ros']
[0.167s] Level 1:colcon.colcon_core.package_identification:_identify(src/micro-ROS-Agent) by extension 'ros'
[0.167s] Level 1:colcon.colcon_core.package_identification:_identify(src/micro-ROS-Agent) by extensions ['cmake', 'python']
[0.167s] Level 1:colcon.colcon_core.package_identification:_identify(src/micro-ROS-Agent) by extension 'cmake'
[0.167s] Level 1:colcon.colcon_core.package_identification:_identify(src/micro-ROS-Agent) by extension 'python'
[0.167s] Level 1:colcon.colcon_core.package_identification:_identify(src/micro-ROS-Agent) by extensions ['python_setup_py']
[0.167s] Level 1:colcon.colcon_core.package_identification:_identify(src/micro-ROS-Agent) by extension 'python_setup_py'
[0.167s] Level 1:colcon.colcon_core.package_identification:_identify(src/micro-ROS-Agent/micro_ros_agent) by extensions ['ignore', 'ignore_ament_install']
[0.167s] Level 1:colcon.colcon_core.package_identification:_identify(src/micro-ROS-Agent/micro_ros_agent) by extension 'ignore'
[0.167s] Level 1:colcon.colcon_core.package_identification:_identify(src/micro-ROS-Agent/micro_ros_agent) by extension 'ignore_ament_install'
[0.167s] Level 1:colcon.colcon_core.package_identification:_identify(src/micro-ROS-Agent/micro_ros_agent) by extensions ['colcon_pkg']
[0.167s] Level 1:colcon.colcon_core.package_identification:_identify(src/micro-ROS-Agent/micro_ros_agent) by extension 'colcon_pkg'
[0.167s] Level 1:colcon.colcon_core.package_identification:_identify(src/micro-ROS-Agent/micro_ros_agent) by extensions ['colcon_meta']
[0.167s] Level 1:colcon.colcon_core.package_identification:_identify(src/micro-ROS-Agent/micro_ros_agent) by extension 'colcon_meta'
[0.167s] Level 1:colcon.colcon_core.package_identification:_identify(src/micro-ROS-Agent/micro_ros_agent) by extensions ['ros']
[0.167s] Level 1:colcon.colcon_core.package_identification:_identify(src/micro-ROS-Agent/micro_ros_agent) by extension 'ros'
[0.168s] DEBUG:colcon.colcon_core.package_identification:Package 'src/micro-ROS-Agent/micro_ros_agent' with type 'ros.ament_cmake' and name 'micro_ros_agent'
[0.168s] Level 1:colcon.colcon_core.package_identification:_identify(src/micro-ROS-Agent/snap) by extensions ['ignore', 'ignore_ament_install']
[0.168s] Level 1:colcon.colcon_core.package_identification:_identify(src/micro-ROS-Agent/snap) by extension 'ignore'
[0.168s] Level 1:colcon.colcon_core.package_identification:_identify(src/micro-ROS-Agent/snap) by extension 'ignore_ament_install'
[0.168s] Level 1:colcon.colcon_core.package_identification:_identify(src/micro-ROS-Agent/snap) by extensions ['colcon_pkg']
[0.168s] Level 1:colcon.colcon_core.package_identification:_identify(src/micro-ROS-Agent/snap) by extension 'colcon_pkg'
[0.168s] Level 1:colcon.colcon_core.package_identification:_identify(src/micro-ROS-Agent/snap) by extensions ['colcon_meta']
[0.168s] Level 1:colcon.colcon_core.package_identification:_identify(src/micro-ROS-Agent/snap) by extension 'colcon_meta'
[0.168s] Level 1:colcon.colcon_core.package_identification:_identify(src/micro-ROS-Agent/snap) by extensions ['ros']
[0.168s] Level 1:colcon.colcon_core.package_identification:_identify(src/micro-ROS-Agent/snap) by extension 'ros'
[0.168s] Level 1:colcon.colcon_core.package_identification:_identify(src/micro-ROS-Agent/snap) by extensions ['cmake', 'python']
[0.168s] Level 1:colcon.colcon_core.package_identification:_identify(src/micro-ROS-Agent/snap) by extension 'cmake'
[0.168s] Level 1:colcon.colcon_core.package_identification:_identify(src/micro-ROS-Agent/snap) by extension 'python'
[0.168s] Level 1:colcon.colcon_core.package_identification:_identify(src/micro-ROS-Agent/snap) by extensions ['python_setup_py']
[0.168s] Level 1:colcon.colcon_core.package_identification:_identify(src/micro-ROS-Agent/snap) by extension 'python_setup_py'
[0.168s] Level 1:colcon.colcon_core.package_identification:_identify(src/micro-ROS-Agent/snap/hooks) by extensions ['ignore', 'ignore_ament_install']
[0.168s] Level 1:colcon.colcon_core.package_identification:_identify(src/micro-ROS-Agent/snap/hooks) by extension 'ignore'
[0.168s] Level 1:colcon.colcon_core.package_identification:_identify(src/micro-ROS-Agent/snap/hooks) by extension 'ignore_ament_install'
[0.168s] Level 1:colcon.colcon_core.package_identification:_identify(src/micro-ROS-Agent/snap/hooks) by extensions ['colcon_pkg']
[0.168s] Level 1:colcon.colcon_core.package_identification:_identify(src/micro-ROS-Agent/snap/hooks) by extension 'colcon_pkg'
[0.168s] Level 1:colcon.colcon_core.package_identification:_identify(src/micro-ROS-Agent/snap/hooks) by extensions ['colcon_meta']
[0.168s] Level 1:colcon.colcon_core.package_identification:_identify(src/micro-ROS-Agent/snap/hooks) by extension 'colcon_meta'
[0.168s] Level 1:colcon.colcon_core.package_identification:_identify(src/micro-ROS-Agent/snap/hooks) by extensions ['ros']
[0.168s] Level 1:colcon.colcon_core.package_identification:_identify(src/micro-ROS-Agent/snap/hooks) by extension 'ros'
[0.168s] Level 1:colcon.colcon_core.package_identification:_identify(src/micro-ROS-Agent/snap/hooks) by extensions ['cmake', 'python']
[0.168s] Level 1:colcon.colcon_core.package_identification:_identify(src/micro-ROS-Agent/snap/hooks) by extension 'cmake'
[0.168s] Level 1:colcon.colcon_core.package_identification:_identify(src/micro-ROS-Agent/snap/hooks) by extension 'python'
[0.168s] Level 1:colcon.colcon_core.package_identification:_identify(src/micro-ROS-Agent/snap/hooks) by extensions ['python_setup_py']
[0.168s] Level 1:colcon.colcon_core.package_identification:_identify(src/micro-ROS-Agent/snap/hooks) by extension 'python_setup_py'
[0.168s] Level 1:colcon.colcon_core.package_identification:_identify(src/micro-ROS-Agent/snap/local) by extensions ['ignore', 'ignore_ament_install']
[0.168s] Level 1:colcon.colcon_core.package_identification:_identify(src/micro-ROS-Agent/snap/local) by extension 'ignore'
[0.168s] Level 1:colcon.colcon_core.package_identification:_identify(src/micro-ROS-Agent/snap/local) by extension 'ignore_ament_install'
[0.168s] Level 1:colcon.colcon_core.package_identification:_identify(src/micro-ROS-Agent/snap/local) by extensions ['colcon_pkg']
[0.168s] Level 1:colcon.colcon_core.package_identification:_identify(src/micro-ROS-Agent/snap/local) by extension 'colcon_pkg'
[0.168s] Level 1:colcon.colcon_core.package_identification:_identify(src/micro-ROS-Agent/snap/local) by extensions ['colcon_meta']
[0.168s] Level 1:colcon.colcon_core.package_identification:_identify(src/micro-ROS-Agent/snap/local) by extension 'colcon_meta'
[0.168s] Level 1:colcon.colcon_core.package_identification:_identify(src/micro-ROS-Agent/snap/local) by extensions ['ros']
[0.169s] Level 1:colcon.colcon_core.package_identification:_identify(src/micro-ROS-Agent/snap/local) by extension 'ros'
[0.169s] Level 1:colcon.colcon_core.package_identification:_identify(src/micro-ROS-Agent/snap/local) by extensions ['cmake', 'python']
[0.169s] Level 1:colcon.colcon_core.package_identification:_identify(src/micro-ROS-Agent/snap/local) by extension 'cmake'
[0.169s] Level 1:colcon.colcon_core.package_identification:_identify(src/micro-ROS-Agent/snap/local) by extension 'python'
[0.169s] Level 1:colcon.colcon_core.package_identification:_identify(src/micro-ROS-Agent/snap/local) by extensions ['python_setup_py']
[0.169s] Level 1:colcon.colcon_core.package_identification:_identify(src/micro-ROS-Agent/snap/local) by extension 'python_setup_py'
[0.169s] Level 1:colcon.colcon_core.package_discovery:discover_packages(recursive) using defaults
[0.169s] Level 1:colcon.colcon_core.package_discovery:discover_packages(ignore) discover
[0.169s] Level 1:colcon.colcon_core.package_discovery:discover_packages(ignore) using defaults
[0.169s] Level 1:colcon.colcon_core.package_discovery:discover_packages(path) discover
[0.169s] Level 1:colcon.colcon_core.package_discovery:discover_packages(path) using defaults
[0.190s] Level 1:colcon.colcon_core.package_discovery:discover_packages(prefix_path) check parameters
[0.190s] Level 1:colcon.colcon_core.package_discovery:discover_packages(prefix_path) discover
[0.191s] WARNING:colcon.colcon_ros.prefix_path.ament:The path '/home/ubuntu/ros2_ws_robottest/install/brobot_joyxbox' in the environment variable AMENT_PREFIX_PATH doesn't exist
[0.191s] DEBUG:colcon.colcon_installed_package_information.package_discovery:Found 7 installed packages in /home/ubuntu/ros2_ws_robottest/install
[0.191s] DEBUG:colcon.colcon_installed_package_information.package_discovery:Found 1 installed packages in /home/ubuntu/ros2_ws/install
[0.192s] DEBUG:colcon.colcon_installed_package_information.package_discovery:Found 280 installed packages in /opt/ros/humble
[0.193s] Level 1:colcon.colcon_core.package_discovery:discover_packages(prefix_path) using defaults
[0.212s] Level 5:colcon.colcon_core.verb:set package 'brobot_display' build argument 'cmake_args' from command line to 'None'
[0.212s] Level 5:colcon.colcon_core.verb:set package 'brobot_display' build argument 'cmake_target' from command line to 'None'
[0.212s] Level 5:colcon.colcon_core.verb:set package 'brobot_display' build argument 'cmake_target_skip_unavailable' from command line to 'False'
[0.212s] Level 5:colcon.colcon_core.verb:set package 'brobot_display' build argument 'cmake_clean_cache' from command line to 'False'
[0.212s] Level 5:colcon.colcon_core.verb:set package 'brobot_display' build argument 'cmake_clean_first' from command line to 'False'
[0.212s] Level 5:colcon.colcon_core.verb:set package 'brobot_display' build argument 'cmake_force_configure' from command line to 'False'
[0.212s] Level 5:colcon.colcon_core.verb:set package 'brobot_display' build argument 'ament_cmake_args' from command line to 'None'
[0.212s] Level 5:colcon.colcon_core.verb:set package 'brobot_display' build argument 'catkin_cmake_args' from command line to 'None'
[0.212s] Level 5:colcon.colcon_core.verb:set package 'brobot_display' build argument 'catkin_skip_building_tests' from command line to 'False'
[0.212s] DEBUG:colcon.colcon_core.verb:Building package 'brobot_display' with the following arguments: {'ament_cmake_args': None, 'build_base': '/home/ubuntu/ros2_ws_robottest/build/brobot_display', 'catkin_cmake_args': None, 'catkin_skip_building_tests': False, 'cmake_args': None, 'cmake_clean_cache': False, 'cmake_clean_first': False, 'cmake_force_configure': False, 'cmake_target': None, 'cmake_target_skip_unavailable': False, 'install_base': '/home/ubuntu/ros2_ws_robottest/install/brobot_display', 'merge_install': False, 'path': '/home/ubuntu/ros2_ws_robottest/src/brobot_display', 'symlink_install': False, 'test_result_base': None}
[0.212s] Level 5:colcon.colcon_core.verb:set package 'brobot_joystick' build argument 'cmake_args' from command line to 'None'
[0.212s] Level 5:colcon.colcon_core.verb:set package 'brobot_joystick' build argument 'cmake_target' from command line to 'None'
[0.212s] Level 5:colcon.colcon_core.verb:set package 'brobot_joystick' build argument 'cmake_target_skip_unavailable' from command line to 'False'
[0.212s] Level 5:colcon.colcon_core.verb:set package 'brobot_joystick' build argument 'cmake_clean_cache' from command line to 'False'
[0.212s] Level 5:colcon.colcon_core.verb:set package 'brobot_joystick' build argument 'cmake_clean_first' from command line to 'False'
[0.212s] Level 5:colcon.colcon_core.verb:set package 'brobot_joystick' build argument 'cmake_force_configure' from command line to 'False'
[0.212s] Level 5:colcon.colcon_core.verb:set package 'brobot_joystick' build argument 'ament_cmake_args' from command line to 'None'
[0.212s] Level 5:colcon.colcon_core.verb:set package 'brobot_joystick' build argument 'catkin_cmake_args' from command line to 'None'
[0.212s] Level 5:colcon.colcon_core.verb:set package 'brobot_joystick' build argument 'catkin_skip_building_tests' from command line to 'False'
[0.212s] DEBUG:colcon.colcon_core.verb:Building package 'brobot_joystick' with the following arguments: {'ament_cmake_args': None, 'build_base': '/home/ubuntu/ros2_ws_robottest/build/brobot_joystick', 'catkin_cmake_args': None, 'catkin_skip_building_tests': False, 'cmake_args': None, 'cmake_clean_cache': False, 'cmake_clean_first': False, 'cmake_force_configure': False, 'cmake_target': None, 'cmake_target_skip_unavailable': False, 'install_base': '/home/ubuntu/ros2_ws_robottest/install/brobot_joystick', 'merge_install': False, 'path': '/home/ubuntu/ros2_ws_robottest/src/brobot_joystick', 'symlink_install': False, 'test_result_base': None}
[0.212s] Level 5:colcon.colcon_core.verb:set package 'brobot_navigation' build argument 'cmake_args' from command line to 'None'
[0.212s] Level 5:colcon.colcon_core.verb:set package 'brobot_navigation' build argument 'cmake_target' from command line to 'None'
[0.212s] Level 5:colcon.colcon_core.verb:set package 'brobot_navigation' build argument 'cmake_target_skip_unavailable' from command line to 'False'
[0.213s] Level 5:colcon.colcon_core.verb:set package 'brobot_navigation' build argument 'cmake_clean_cache' from command line to 'False'
[0.213s] Level 5:colcon.colcon_core.verb:set package 'brobot_navigation' build argument 'cmake_clean_first' from command line to 'False'
[0.213s] Level 5:colcon.colcon_core.verb:set package 'brobot_navigation' build argument 'cmake_force_configure' from command line to 'False'
[0.213s] Level 5:colcon.colcon_core.verb:set package 'brobot_navigation' build argument 'ament_cmake_args' from command line to 'None'
[0.213s] Level 5:colcon.colcon_core.verb:set package 'brobot_navigation' build argument 'catkin_cmake_args' from command line to 'None'
[0.213s] Level 5:colcon.colcon_core.verb:set package 'brobot_navigation' build argument 'catkin_skip_building_tests' from command line to 'False'
[0.213s] DEBUG:colcon.colcon_core.verb:Building package 'brobot_navigation' with the following arguments: {'ament_cmake_args': None, 'build_base': '/home/ubuntu/ros2_ws_robottest/build/brobot_navigation', 'catkin_cmake_args': None, 'catkin_skip_building_tests': False, 'cmake_args': None, 'cmake_clean_cache': False, 'cmake_clean_first': False, 'cmake_force_configure': False, 'cmake_target': None, 'cmake_target_skip_unavailable': False, 'install_base': '/home/ubuntu/ros2_ws_robottest/install/brobot_navigation', 'merge_install': False, 'path': '/home/ubuntu/ros2_ws_robottest/src/brobot_navigation', 'symlink_install': False, 'test_result_base': None}
[0.213s] Level 5:colcon.colcon_core.verb:set package 'brobot_odom' build argument 'cmake_args' from command line to 'None'
[0.213s] Level 5:colcon.colcon_core.verb:set package 'brobot_odom' build argument 'cmake_target' from command line to 'None'
[0.213s] Level 5:colcon.colcon_core.verb:set package 'brobot_odom' build argument 'cmake_target_skip_unavailable' from command line to 'False'
[0.213s] Level 5:colcon.colcon_core.verb:set package 'brobot_odom' build argument 'cmake_clean_cache' from command line to 'False'
[0.213s] Level 5:colcon.colcon_core.verb:set package 'brobot_odom' build argument 'cmake_clean_first' from command line to 'False'
[0.213s] Level 5:colcon.colcon_core.verb:set package 'brobot_odom' build argument 'cmake_force_configure' from command line to 'False'
[0.213s] Level 5:colcon.colcon_core.verb:set package 'brobot_odom' build argument 'ament_cmake_args' from command line to 'None'
[0.213s] Level 5:colcon.colcon_core.verb:set package 'brobot_odom' build argument 'catkin_cmake_args' from command line to 'None'
[0.213s] Level 5:colcon.colcon_core.verb:set package 'brobot_odom' build argument 'catkin_skip_building_tests' from command line to 'False'
[0.213s] DEBUG:colcon.colcon_core.verb:Building package 'brobot_odom' with the following arguments: {'ament_cmake_args': None, 'build_base': '/home/ubuntu/ros2_ws_robottest/build/brobot_odom', 'catkin_cmake_args': None, 'catkin_skip_building_tests': False, 'cmake_args': None, 'cmake_clean_cache': False, 'cmake_clean_first': False, 'cmake_force_configure': False, 'cmake_target': None, 'cmake_target_skip_unavailable': False, 'install_base': '/home/ubuntu/ros2_ws_robottest/install/brobot_odom', 'merge_install': False, 'path': '/home/ubuntu/ros2_ws_robottest/src/brobot_odom', 'symlink_install': False, 'test_result_base': None}
[0.213s] Level 5:colcon.colcon_core.verb:set package 'brobot_slam' build argument 'cmake_args' from command line to 'None'
[0.213s] Level 5:colcon.colcon_core.verb:set package 'brobot_slam' build argument 'cmake_target' from command line to 'None'
[0.213s] Level 5:colcon.colcon_core.verb:set package 'brobot_slam' build argument 'cmake_target_skip_unavailable' from command line to 'False'
[0.213s] Level 5:colcon.colcon_core.verb:set package 'brobot_slam' build argument 'cmake_clean_cache' from command line to 'False'
[0.213s] Level 5:colcon.colcon_core.verb:set package 'brobot_slam' build argument 'cmake_clean_first' from command line to 'False'
[0.213s] Level 5:colcon.colcon_core.verb:set package 'brobot_slam' build argument 'cmake_force_configure' from command line to 'False'
[0.213s] Level 5:colcon.colcon_core.verb:set package 'brobot_slam' build argument 'ament_cmake_args' from command line to 'None'
[0.213s] Level 5:colcon.colcon_core.verb:set package 'brobot_slam' build argument 'catkin_cmake_args' from command line to 'None'
[0.213s] Level 5:colcon.colcon_core.verb:set package 'brobot_slam' build argument 'catkin_skip_building_tests' from command line to 'False'
[0.213s] DEBUG:colcon.colcon_core.verb:Building package 'brobot_slam' with the following arguments: {'ament_cmake_args': None, 'build_base': '/home/ubuntu/ros2_ws_robottest/build/brobot_slam', 'catkin_cmake_args': None, 'catkin_skip_building_tests': False, 'cmake_args': None, 'cmake_clean_cache': False, 'cmake_clean_first': False, 'cmake_force_configure': False, 'cmake_target': None, 'cmake_target_skip_unavailable': False, 'install_base': '/home/ubuntu/ros2_ws_robottest/install/brobot_slam', 'merge_install': False, 'path': '/home/ubuntu/ros2_ws_robottest/src/brobot_slam', 'symlink_install': False, 'test_result_base': None}
[0.213s] Level 5:colcon.colcon_core.verb:set package 'brobot_tf' build argument 'cmake_args' from command line to 'None'
[0.213s] Level 5:colcon.colcon_core.verb:set package 'brobot_tf' build argument 'cmake_target' from command line to 'None'
[0.213s] Level 5:colcon.colcon_core.verb:set package 'brobot_tf' build argument 'cmake_target_skip_unavailable' from command line to 'False'
[0.213s] Level 5:colcon.colcon_core.verb:set package 'brobot_tf' build argument 'cmake_clean_cache' from command line to 'False'
[0.213s] Level 5:colcon.colcon_core.verb:set package 'brobot_tf' build argument 'cmake_clean_first' from command line to 'False'
[0.213s] Level 5:colcon.colcon_core.verb:set package 'brobot_tf' build argument 'cmake_force_configure' from command line to 'False'
[0.213s] Level 5:colcon.colcon_core.verb:set package 'brobot_tf' build argument 'ament_cmake_args' from command line to 'None'
[0.213s] Level 5:colcon.colcon_core.verb:set package 'brobot_tf' build argument 'catkin_cmake_args' from command line to 'None'
[0.213s] Level 5:colcon.colcon_core.verb:set package 'brobot_tf' build argument 'catkin_skip_building_tests' from command line to 'False'
[0.213s] DEBUG:colcon.colcon_core.verb:Building package 'brobot_tf' with the following arguments: {'ament_cmake_args': None, 'build_base': '/home/ubuntu/ros2_ws_robottest/build/brobot_tf', 'catkin_cmake_args': None, 'catkin_skip_building_tests': False, 'cmake_args': None, 'cmake_clean_cache': False, 'cmake_clean_first': False, 'cmake_force_configure': False, 'cmake_target': None, 'cmake_target_skip_unavailable': False, 'install_base': '/home/ubuntu/ros2_ws_robottest/install/brobot_tf', 'merge_install': False, 'path': '/home/ubuntu/ros2_ws_robottest/src/brobot_tf', 'symlink_install': False, 'test_result_base': None}
[0.214s] Level 5:colcon.colcon_core.verb:set package 'micro_ros_agent' build argument 'cmake_args' from command line to 'None'
[0.214s] Level 5:colcon.colcon_core.verb:set package 'micro_ros_agent' build argument 'cmake_target' from command line to 'None'
[0.214s] Level 5:colcon.colcon_core.verb:set package 'micro_ros_agent' build argument 'cmake_target_skip_unavailable' from command line to 'False'
[0.214s] Level 5:colcon.colcon_core.verb:set package 'micro_ros_agent' build argument 'cmake_clean_cache' from command line to 'False'
[0.214s] Level 5:colcon.colcon_core.verb:set package 'micro_ros_agent' build argument 'cmake_clean_first' from command line to 'False'
[0.214s] Level 5:colcon.colcon_core.verb:set package 'micro_ros_agent' build argument 'cmake_force_configure' from command line to 'False'
[0.214s] Level 5:colcon.colcon_core.verb:set package 'micro_ros_agent' build argument 'ament_cmake_args' from command line to 'None'
[0.214s] Level 5:colcon.colcon_core.verb:set package 'micro_ros_agent' build argument 'catkin_cmake_args' from command line to 'None'
[0.214s] Level 5:colcon.colcon_core.verb:set package 'micro_ros_agent' build argument 'catkin_skip_building_tests' from command line to 'False'
[0.214s] DEBUG:colcon.colcon_core.verb:Building package 'micro_ros_agent' with the following arguments: {'ament_cmake_args': None, 'build_base': '/home/ubuntu/ros2_ws_robottest/build/micro_ros_agent', 'catkin_cmake_args': None, 'catkin_skip_building_tests': False, 'cmake_args': None, 'cmake_clean_cache': False, 'cmake_clean_first': False, 'cmake_force_configure': False, 'cmake_target': None, 'cmake_target_skip_unavailable': False, 'install_base': '/home/ubuntu/ros2_ws_robottest/install/micro_ros_agent', 'merge_install': False, 'path': '/home/ubuntu/ros2_ws_robottest/src/micro-ROS-Agent/micro_ros_agent', 'symlink_install': False, 'test_result_base': None}
[0.214s] INFO:colcon.colcon_core.executor:Executing jobs using 'parallel' executor
[0.215s] DEBUG:colcon.colcon_parallel_executor.executor.parallel:run_until_complete
[0.215s] INFO:colcon.colcon_ros.task.ament_python.build:Building ROS package in '/home/ubuntu/ros2_ws_robottest/src/brobot_display' with build type 'ament_python'
[0.215s] Level 1:colcon.colcon_core.shell:create_environment_hook('brobot_display', 'ament_prefix_path')
[0.216s] INFO:colcon.colcon_core.plugin_system:Skipping extension 'colcon_core.shell.bat': Not used on non-Windows systems
[0.216s] INFO:colcon.colcon_core.shell:Creating environment hook '/home/ubuntu/ros2_ws_robottest/install/brobot_display/share/brobot_display/hook/ament_prefix_path.ps1'
[0.217s] INFO:colcon.colcon_core.shell:Creating environment descriptor '/home/ubuntu/ros2_ws_robottest/install/brobot_display/share/brobot_display/hook/ament_prefix_path.dsv'
[0.217s] INFO:colcon.colcon_core.shell:Creating environment hook '/home/ubuntu/ros2_ws_robottest/install/brobot_display/share/brobot_display/hook/ament_prefix_path.sh'
[0.218s] INFO:colcon.colcon_core.shell:Skip shell extension 'powershell' for command environment: Not usable outside of PowerShell
[0.218s] DEBUG:colcon.colcon_core.shell:Skip shell extension 'dsv' for command environment
[0.221s] INFO:colcon.colcon_ros.task.ament_python.build:Building ROS package in '/home/ubuntu/ros2_ws_robottest/src/brobot_joystick' with build type 'ament_python'
[0.221s] Level 1:colcon.colcon_core.shell:create_environment_hook('brobot_joystick', 'ament_prefix_path')
[0.221s] INFO:colcon.colcon_core.shell:Creating environment hook '/home/ubuntu/ros2_ws_robottest/install/brobot_joystick/share/brobot_joystick/hook/ament_prefix_path.ps1'
[0.222s] INFO:colcon.colcon_core.shell:Creating environment descriptor '/home/ubuntu/ros2_ws_robottest/install/brobot_joystick/share/brobot_joystick/hook/ament_prefix_path.dsv'
[0.222s] INFO:colcon.colcon_core.shell:Creating environment hook '/home/ubuntu/ros2_ws_robottest/install/brobot_joystick/share/brobot_joystick/hook/ament_prefix_path.sh'
[0.222s] INFO:colcon.colcon_core.shell:Skip shell extension 'powershell' for command environment: Not usable outside of PowerShell
[0.222s] DEBUG:colcon.colcon_core.shell:Skip shell extension 'dsv' for command environment
[0.224s] INFO:colcon.colcon_ros.task.ament_python.build:Building ROS package in '/home/ubuntu/ros2_ws_robottest/src/brobot_navigation' with build type 'ament_python'
[0.224s] Level 1:colcon.colcon_core.shell:create_environment_hook('brobot_navigation', 'ament_prefix_path')
[0.224s] INFO:colcon.colcon_core.shell:Creating environment hook '/home/ubuntu/ros2_ws_robottest/install/brobot_navigation/share/brobot_navigation/hook/ament_prefix_path.ps1'
[0.225s] INFO:colcon.colcon_core.shell:Creating environment descriptor '/home/ubuntu/ros2_ws_robottest/install/brobot_navigation/share/brobot_navigation/hook/ament_prefix_path.dsv'
[0.225s] INFO:colcon.colcon_core.shell:Creating environment hook '/home/ubuntu/ros2_ws_robottest/install/brobot_navigation/share/brobot_navigation/hook/ament_prefix_path.sh'
[0.225s] INFO:colcon.colcon_core.shell:Skip shell extension 'powershell' for command environment: Not usable outside of PowerShell
[0.225s] DEBUG:colcon.colcon_core.shell:Skip shell extension 'dsv' for command environment
[0.227s] INFO:colcon.colcon_ros.task.ament_python.build:Building ROS package in '/home/ubuntu/ros2_ws_robottest/src/brobot_odom' with build type 'ament_python'
[0.227s] Level 1:colcon.colcon_core.shell:create_environment_hook('brobot_odom', 'ament_prefix_path')
[0.227s] INFO:colcon.colcon_core.shell:Creating environment hook '/home/ubuntu/ros2_ws_robottest/install/brobot_odom/share/brobot_odom/hook/ament_prefix_path.ps1'
[0.227s] INFO:colcon.colcon_core.shell:Creating environment descriptor '/home/ubuntu/ros2_ws_robottest/install/brobot_odom/share/brobot_odom/hook/ament_prefix_path.dsv'
[0.227s] INFO:colcon.colcon_core.shell:Creating environment hook '/home/ubuntu/ros2_ws_robottest/install/brobot_odom/share/brobot_odom/hook/ament_prefix_path.sh'
[0.228s] INFO:colcon.colcon_core.shell:Skip shell extension 'powershell' for command environment: Not usable outside of PowerShell
[0.228s] DEBUG:colcon.colcon_core.shell:Skip shell extension 'dsv' for command environment
[0.230s] INFO:colcon.colcon_ros.task.ament_python.build:Building ROS package in '/home/ubuntu/ros2_ws_robottest/src/brobot_slam' with build type 'ament_python'
[0.230s] Level 1:colcon.colcon_core.shell:create_environment_hook('brobot_slam', 'ament_prefix_path')
[0.230s] INFO:colcon.colcon_core.shell:Creating environment hook '/home/ubuntu/ros2_ws_robottest/install/brobot_slam/share/brobot_slam/hook/ament_prefix_path.ps1'
[0.230s] INFO:colcon.colcon_core.shell:Creating environment descriptor '/home/ubuntu/ros2_ws_robottest/install/brobot_slam/share/brobot_slam/hook/ament_prefix_path.dsv'
[0.230s] INFO:colcon.colcon_core.shell:Creating environment hook '/home/ubuntu/ros2_ws_robottest/install/brobot_slam/share/brobot_slam/hook/ament_prefix_path.sh'
[0.231s] INFO:colcon.colcon_core.shell:Skip shell extension 'powershell' for command environment: Not usable outside of PowerShell
[0.231s] DEBUG:colcon.colcon_core.shell:Skip shell extension 'dsv' for command environment
[0.232s] INFO:colcon.colcon_ros.task.ament_python.build:Building ROS package in '/home/ubuntu/ros2_ws_robottest/src/brobot_tf' with build type 'ament_python'
[0.233s] Level 1:colcon.colcon_core.shell:create_environment_hook('brobot_tf', 'ament_prefix_path')
[0.233s] INFO:colcon.colcon_core.shell:Creating environment hook '/home/ubuntu/ros2_ws_robottest/install/brobot_tf/share/brobot_tf/hook/ament_prefix_path.ps1'
[0.233s] INFO:colcon.colcon_core.shell:Creating environment descriptor '/home/ubuntu/ros2_ws_robottest/install/brobot_tf/share/brobot_tf/hook/ament_prefix_path.dsv'
[0.233s] INFO:colcon.colcon_core.shell:Creating environment hook '/home/ubuntu/ros2_ws_robottest/install/brobot_tf/share/brobot_tf/hook/ament_prefix_path.sh'
[0.233s] INFO:colcon.colcon_core.shell:Skip shell extension 'powershell' for command environment: Not usable outside of PowerShell
[0.233s] DEBUG:colcon.colcon_core.shell:Skip shell extension 'dsv' for command environment
[0.235s] INFO:colcon.colcon_ros.task.ament_cmake.build:Building ROS package in '/home/ubuntu/ros2_ws_robottest/src/micro-ROS-Agent/micro_ros_agent' with build type 'ament_cmake'
[0.235s] INFO:colcon.colcon_cmake.task.cmake.build:Building CMake package in '/home/ubuntu/ros2_ws_robottest/src/micro-ROS-Agent/micro_ros_agent'
[0.235s] INFO:colcon.colcon_core.shell:Skip shell extension 'powershell' for command environment: Not usable outside of PowerShell
[0.235s] DEBUG:colcon.colcon_core.shell:Skip shell extension 'dsv' for command environment
[0.384s] INFO:colcon.colcon_core.task.python.build:Building Python package in '/home/ubuntu/ros2_ws_robottest/src/brobot_display'
[0.384s] INFO:colcon.colcon_core.shell:Skip shell extension 'powershell' for command environment: Not usable outside of PowerShell
[0.384s] DEBUG:colcon.colcon_core.shell:Skip shell extension 'dsv' for command environment
[0.535s] INFO:colcon.colcon_core.task.python.build:Building Python package in '/home/ubuntu/ros2_ws_robottest/src/brobot_joystick'
[0.536s] INFO:colcon.colcon_core.shell:Skip shell extension 'powershell' for command environment: Not usable outside of PowerShell
[0.536s] DEBUG:colcon.colcon_core.shell:Skip shell extension 'dsv' for command environment
[0.684s] WARNING:colcon.colcon_ros.task.ament_python.build:Package 'brobot_navigation' doesn't explicitly install a marker in the package index (colcon-ros currently does it implicitly but that fallback will be removed in the future)
[0.684s] INFO:colcon.colcon_core.task.python.build:Building Python package in '/home/ubuntu/ros2_ws_robottest/src/brobot_navigation'
[0.684s] INFO:colcon.colcon_core.shell:Skip shell extension 'powershell' for command environment: Not usable outside of PowerShell
[0.684s] DEBUG:colcon.colcon_core.shell:Skip shell extension 'dsv' for command environment
[0.831s] WARNING:colcon.colcon_ros.task.ament_python.build:Package 'brobot_odom' doesn't explicitly install a marker in the package index (colcon-ros currently does it implicitly but that fallback will be removed in the future)
[0.831s] INFO:colcon.colcon_core.task.python.build:Building Python package in '/home/ubuntu/ros2_ws_robottest/src/brobot_odom'
[0.832s] INFO:colcon.colcon_core.shell:Skip shell extension 'powershell' for command environment: Not usable outside of PowerShell
[0.832s] DEBUG:colcon.colcon_core.shell:Skip shell extension 'dsv' for command environment
[0.982s] WARNING:colcon.colcon_ros.task.ament_python.build:Package 'brobot_slam' doesn't explicitly install a marker in the package index (colcon-ros currently does it implicitly but that fallback will be removed in the future)
[0.982s] INFO:colcon.colcon_core.task.python.build:Building Python package in '/home/ubuntu/ros2_ws_robottest/src/brobot_slam'
[0.982s] INFO:colcon.colcon_core.shell:Skip shell extension 'powershell' for command environment: Not usable outside of PowerShell
[0.982s] DEBUG:colcon.colcon_core.shell:Skip shell extension 'dsv' for command environment
[1.124s] WARNING:colcon.colcon_ros.task.ament_python.build:Package 'brobot_tf' doesn't explicitly install a marker in the package index (colcon-ros currently does it implicitly but that fallback will be removed in the future)
[1.124s] INFO:colcon.colcon_core.task.python.build:Building Python package in '/home/ubuntu/ros2_ws_robottest/src/brobot_tf'
[1.124s] INFO:colcon.colcon_core.shell:Skip shell extension 'powershell' for command environment: Not usable outside of PowerShell
[1.124s] DEBUG:colcon.colcon_core.shell:Skip shell extension 'dsv' for command environment
[1.130s] DEBUG:colcon.colcon_core.event_handler.log_command:Invoking command in '/home/ubuntu/ros2_ws_robottest/build/micro_ros_agent': CMAKE_PREFIX_PATH=${CMAKE_PREFIX_PATH}:/home/ubuntu/ros2_ws_robottest/install/brobot_joystick:/home/ubuntu/ros2_ws_robottest/install/brobot_joyxbox:/home/ubuntu/ros2_ws/install/chamoung_ChatbotSpeak:/home/ubuntu/ros2_ws_robottest/install/brobot_tf:/home/ubuntu/ros2_ws_robottest/install/brobot_slam:/home/ubuntu/ros2_ws_robottest/install/brobot_odom:/home/ubuntu/ros2_ws_robottest/install/brobot_navigation:/home/ubuntu/ros2_ws_robottest/install/brobot_display:/opt/ros/humble /usr/bin/cmake --build /home/ubuntu/ros2_ws_robottest/build/micro_ros_agent -- -j8 -l8
[1.183s] DEBUG:colcon.colcon_core.event_handler.log_command:Invoked command in '/home/ubuntu/ros2_ws_robottest/build/micro_ros_agent' returned '0': CMAKE_PREFIX_PATH=${CMAKE_PREFIX_PATH}:/home/ubuntu/ros2_ws_robottest/install/brobot_joystick:/home/ubuntu/ros2_ws_robottest/install/brobot_joyxbox:/home/ubuntu/ros2_ws/install/chamoung_ChatbotSpeak:/home/ubuntu/ros2_ws_robottest/install/brobot_tf:/home/ubuntu/ros2_ws_robottest/install/brobot_slam:/home/ubuntu/ros2_ws_robottest/install/brobot_odom:/home/ubuntu/ros2_ws_robottest/install/brobot_navigation:/home/ubuntu/ros2_ws_robottest/install/brobot_display:/opt/ros/humble /usr/bin/cmake --build /home/ubuntu/ros2_ws_robottest/build/micro_ros_agent -- -j8 -l8
[1.190s] DEBUG:colcon.colcon_core.event_handler.log_command:Invoking command in '/home/ubuntu/ros2_ws_robottest/build/micro_ros_agent': CMAKE_PREFIX_PATH=${CMAKE_PREFIX_PATH}:/home/ubuntu/ros2_ws_robottest/install/brobot_joystick:/home/ubuntu/ros2_ws_robottest/install/brobot_joyxbox:/home/ubuntu/ros2_ws/install/chamoung_ChatbotSpeak:/home/ubuntu/ros2_ws_robottest/install/brobot_tf:/home/ubuntu/ros2_ws_robottest/install/brobot_slam:/home/ubuntu/ros2_ws_robottest/install/brobot_odom:/home/ubuntu/ros2_ws_robottest/install/brobot_navigation:/home/ubuntu/ros2_ws_robottest/install/brobot_display:/opt/ros/humble /usr/bin/cmake --install /home/ubuntu/ros2_ws_robottest/build/micro_ros_agent
[1.199s] Level 1:colcon.colcon_core.environment:create_environment_scripts_only(micro_ros_agent)
[1.201s] Level 1:colcon.colcon_core.environment:checking '/home/ubuntu/ros2_ws_robottest/install/micro_ros_agent' for CMake module files
[1.202s] Level 1:colcon.colcon_core.environment:checking '/home/ubuntu/ros2_ws_robottest/install/micro_ros_agent' for CMake config files
[1.202s] Level 1:colcon.colcon_core.shell:create_environment_hook('micro_ros_agent', 'cmake_prefix_path')
[1.202s] INFO:colcon.colcon_core.shell:Creating environment hook '/home/ubuntu/ros2_ws_robottest/install/micro_ros_agent/share/micro_ros_agent/hook/cmake_prefix_path.ps1'
[1.203s] DEBUG:colcon.colcon_core.event_handler.log_command:Invoked command in '/home/ubuntu/ros2_ws_robottest/build/micro_ros_agent' returned '0': CMAKE_PREFIX_PATH=${CMAKE_PREFIX_PATH}:/home/ubuntu/ros2_ws_robottest/install/brobot_joystick:/home/ubuntu/ros2_ws_robottest/install/brobot_joyxbox:/home/ubuntu/ros2_ws/install/chamoung_ChatbotSpeak:/home/ubuntu/ros2_ws_robottest/install/brobot_tf:/home/ubuntu/ros2_ws_robottest/install/brobot_slam:/home/ubuntu/ros2_ws_robottest/install/brobot_odom:/home/ubuntu/ros2_ws_robottest/install/brobot_navigation:/home/ubuntu/ros2_ws_robottest/install/brobot_display:/opt/ros/humble /usr/bin/cmake --install /home/ubuntu/ros2_ws_robottest/build/micro_ros_agent
[1.203s] INFO:colcon.colcon_core.shell:Creating environment descriptor '/home/ubuntu/ros2_ws_robottest/install/micro_ros_agent/share/micro_ros_agent/hook/cmake_prefix_path.dsv'
[1.204s] INFO:colcon.colcon_core.shell:Creating environment hook '/home/ubuntu/ros2_ws_robottest/install/micro_ros_agent/share/micro_ros_agent/hook/cmake_prefix_path.sh'
[1.204s] Level 1:colcon.colcon_core.environment:checking '/home/ubuntu/ros2_ws_robottest/install/micro_ros_agent/lib'
[1.204s] Level 1:colcon.colcon_core.shell:create_environment_hook('micro_ros_agent', 'ld_library_path_lib')
[1.205s] INFO:colcon.colcon_core.shell:Creating environment hook '/home/ubuntu/ros2_ws_robottest/install/micro_ros_agent/share/micro_ros_agent/hook/ld_library_path_lib.ps1'
[1.205s] INFO:colcon.colcon_core.shell:Creating environment descriptor '/home/ubuntu/ros2_ws_robottest/install/micro_ros_agent/share/micro_ros_agent/hook/ld_library_path_lib.dsv'
[1.205s] INFO:colcon.colcon_core.shell:Creating environment hook '/home/ubuntu/ros2_ws_robottest/install/micro_ros_agent/share/micro_ros_agent/hook/ld_library_path_lib.sh'
[1.206s] Level 1:colcon.colcon_core.environment:checking '/home/ubuntu/ros2_ws_robottest/install/micro_ros_agent/bin'
[1.206s] Level 1:colcon.colcon_core.environment:checking '/home/ubuntu/ros2_ws_robottest/install/micro_ros_agent/lib/pkgconfig/micro_ros_agent.pc'
[1.206s] Level 1:colcon.colcon_core.environment:checking '/home/ubuntu/ros2_ws_robottest/install/micro_ros_agent/lib/python3.10/site-packages'
[1.206s] Level 1:colcon.colcon_core.environment:checking '/home/ubuntu/ros2_ws_robottest/install/micro_ros_agent/bin'
[1.206s] INFO:colcon.colcon_core.shell:Creating package script '/home/ubuntu/ros2_ws_robottest/install/micro_ros_agent/share/micro_ros_agent/package.ps1'
[1.207s] INFO:colcon.colcon_core.shell:Creating package descriptor '/home/ubuntu/ros2_ws_robottest/install/micro_ros_agent/share/micro_ros_agent/package.dsv'
[1.208s] INFO:colcon.colcon_core.shell:Creating package script '/home/ubuntu/ros2_ws_robottest/install/micro_ros_agent/share/micro_ros_agent/package.sh'
[1.209s] INFO:colcon.colcon_core.shell:Creating package script '/home/ubuntu/ros2_ws_robottest/install/micro_ros_agent/share/micro_ros_agent/package.bash'
[1.209s] INFO:colcon.colcon_core.shell:Creating package script '/home/ubuntu/ros2_ws_robottest/install/micro_ros_agent/share/micro_ros_agent/package.zsh'
[1.210s] Level 1:colcon.colcon_core.environment:create_file_with_runtime_dependencies(/home/ubuntu/ros2_ws_robottest/install/micro_ros_agent/share/colcon-core/packages/micro_ros_agent)
[1.210s] Level 1:colcon.colcon_core.environment:create_environment_scripts_only(micro_ros_agent)
[1.210s] Level 1:colcon.colcon_core.environment:checking '/home/ubuntu/ros2_ws_robottest/install/micro_ros_agent' for CMake module files
[1.211s] Level 1:colcon.colcon_core.environment:checking '/home/ubuntu/ros2_ws_robottest/install/micro_ros_agent' for CMake config files
[1.211s] Level 1:colcon.colcon_core.shell:create_environment_hook('micro_ros_agent', 'cmake_prefix_path')
[1.211s] INFO:colcon.colcon_core.shell:Creating environment hook '/home/ubuntu/ros2_ws_robottest/install/micro_ros_agent/share/micro_ros_agent/hook/cmake_prefix_path.ps1'
[1.211s] INFO:colcon.colcon_core.shell:Creating environment descriptor '/home/ubuntu/ros2_ws_robottest/install/micro_ros_agent/share/micro_ros_agent/hook/cmake_prefix_path.dsv'
[1.211s] INFO:colcon.colcon_core.shell:Creating environment hook '/home/ubuntu/ros2_ws_robottest/install/micro_ros_agent/share/micro_ros_agent/hook/cmake_prefix_path.sh'
[1.212s] Level 1:colcon.colcon_core.environment:checking '/home/ubuntu/ros2_ws_robottest/install/micro_ros_agent/lib'
[1.212s] Level 1:colcon.colcon_core.shell:create_environment_hook('micro_ros_agent', 'ld_library_path_lib')
[1.212s] INFO:colcon.colcon_core.shell:Creating environment hook '/home/ubuntu/ros2_ws_robottest/install/micro_ros_agent/share/micro_ros_agent/hook/ld_library_path_lib.ps1'
[1.212s] INFO:colcon.colcon_core.shell:Creating environment descriptor '/home/ubuntu/ros2_ws_robottest/install/micro_ros_agent/share/micro_ros_agent/hook/ld_library_path_lib.dsv'
[1.213s] INFO:colcon.colcon_core.shell:Creating environment hook '/home/ubuntu/ros2_ws_robottest/install/micro_ros_agent/share/micro_ros_agent/hook/ld_library_path_lib.sh'
[1.213s] Level 1:colcon.colcon_core.environment:checking '/home/ubuntu/ros2_ws_robottest/install/micro_ros_agent/bin'
[1.213s] Level 1:colcon.colcon_core.environment:checking '/home/ubuntu/ros2_ws_robottest/install/micro_ros_agent/lib/pkgconfig/micro_ros_agent.pc'
[1.213s] Level 1:colcon.colcon_core.environment:checking '/home/ubuntu/ros2_ws_robottest/install/micro_ros_agent/lib/python3.10/site-packages'
[1.213s] Level 1:colcon.colcon_core.environment:checking '/home/ubuntu/ros2_ws_robottest/install/micro_ros_agent/bin'
[1.214s] INFO:colcon.colcon_core.shell:Creating package script '/home/ubuntu/ros2_ws_robottest/install/micro_ros_agent/share/micro_ros_agent/package.ps1'
[1.214s] INFO:colcon.colcon_core.shell:Creating package descriptor '/home/ubuntu/ros2_ws_robottest/install/micro_ros_agent/share/micro_ros_agent/package.dsv'
[1.214s] INFO:colcon.colcon_core.shell:Creating package script '/home/ubuntu/ros2_ws_robottest/install/micro_ros_agent/share/micro_ros_agent/package.sh'
[1.215s] INFO:colcon.colcon_core.shell:Creating package script '/home/ubuntu/ros2_ws_robottest/install/micro_ros_agent/share/micro_ros_agent/package.bash'
[1.215s] INFO:colcon.colcon_core.shell:Creating package script '/home/ubuntu/ros2_ws_robottest/install/micro_ros_agent/share/micro_ros_agent/package.zsh'
[1.215s] Level 1:colcon.colcon_core.environment:create_file_with_runtime_dependencies(/home/ubuntu/ros2_ws_robottest/install/micro_ros_agent/share/colcon-core/packages/micro_ros_agent)
[1.405s] DEBUG:colcon.colcon_core.event_handler.log_command:Invoking command in '/home/ubuntu/ros2_ws_robottest/src/brobot_tf': PYTHONPATH=/home/ubuntu/ros2_ws_robottest/build/brobot_tf/prefix_override:/usr/lib/python3/dist-packages/colcon_core/task/python/colcon_distutils_commands:/home/ubuntu/ros2_ws_robottest/install/brobot_tf/lib/python3.10/site-packages:${PYTHONPATH} /usr/bin/python3 -W ignore:setup.py install is deprecated -W ignore:easy_install command is deprecated setup.py egg_info --egg-base ../../build/brobot_tf build --build-base /home/ubuntu/ros2_ws_robottest/build/brobot_tf/build install --record /home/ubuntu/ros2_ws_robottest/build/brobot_tf/install.log --single-version-externally-managed install_data
[1.406s] DEBUG:colcon.colcon_core.event_handler.log_command:Invoking command in '/home/ubuntu/ros2_ws_robottest/src/brobot_odom': PYTHONPATH=/home/ubuntu/ros2_ws_robottest/build/brobot_odom/prefix_override:/usr/lib/python3/dist-packages/colcon_core/task/python/colcon_distutils_commands:/home/ubuntu/ros2_ws_robottest/install/brobot_odom/lib/python3.10/site-packages:${PYTHONPATH} /usr/bin/python3 -W ignore:setup.py install is deprecated -W ignore:easy_install command is deprecated setup.py egg_info --egg-base ../../build/brobot_odom build --build-base /home/ubuntu/ros2_ws_robottest/build/brobot_odom/build install --record /home/ubuntu/ros2_ws_robottest/build/brobot_odom/install.log --single-version-externally-managed install_data
[1.540s] DEBUG:colcon.colcon_core.event_handler.log_command:Invoking command in '/home/ubuntu/ros2_ws_robottest/src/brobot_display': PYTHONPATH=/home/ubuntu/ros2_ws_robottest/build/brobot_display/prefix_override:/usr/lib/python3/dist-packages/colcon_core/task/python/colcon_distutils_commands:/home/ubuntu/ros2_ws_robottest/install/brobot_display/lib/python3.10/site-packages:${PYTHONPATH} /usr/bin/python3 -W ignore:setup.py install is deprecated -W ignore:easy_install command is deprecated setup.py egg_info --egg-base ../../build/brobot_display build --build-base /home/ubuntu/ros2_ws_robottest/build/brobot_display/build install --record /home/ubuntu/ros2_ws_robottest/build/brobot_display/install.log --single-version-externally-managed install_data
[1.550s] DEBUG:colcon.colcon_core.event_handler.log_command:Invoking command in '/home/ubuntu/ros2_ws_robottest/src/brobot_joystick': PYTHONPATH=/home/ubuntu/ros2_ws_robottest/build/brobot_joystick/prefix_override:/usr/lib/python3/dist-packages/colcon_core/task/python/colcon_distutils_commands:/home/ubuntu/ros2_ws_robottest/install/brobot_joystick/lib/python3.10/site-packages:${PYTHONPATH} /usr/bin/python3 -W ignore:setup.py install is deprecated -W ignore:easy_install command is deprecated setup.py egg_info --egg-base ../../build/brobot_joystick build --build-base /home/ubuntu/ros2_ws_robottest/build/brobot_joystick/build install --record /home/ubuntu/ros2_ws_robottest/build/brobot_joystick/install.log --single-version-externally-managed install_data
[1.551s] DEBUG:colcon.colcon_core.event_handler.log_command:Invoking command in '/home/ubuntu/ros2_ws_robottest/src/brobot_navigation': PYTHONPATH=/home/ubuntu/ros2_ws_robottest/build/brobot_navigation/prefix_override:/usr/lib/python3/dist-packages/colcon_core/task/python/colcon_distutils_commands:/home/ubuntu/ros2_ws_robottest/install/brobot_navigation/lib/python3.10/site-packages:${PYTHONPATH} /usr/bin/python3 -W ignore:setup.py install is deprecated -W ignore:easy_install command is deprecated setup.py egg_info --egg-base ../../build/brobot_navigation build --build-base /home/ubuntu/ros2_ws_robottest/build/brobot_navigation/build install --record /home/ubuntu/ros2_ws_robottest/build/brobot_navigation/install.log --single-version-externally-managed install_data
[1.573s] DEBUG:colcon.colcon_core.event_handler.log_command:Invoking command in '/home/ubuntu/ros2_ws_robottest/src/brobot_slam': PYTHONPATH=/home/ubuntu/ros2_ws_robottest/build/brobot_slam/prefix_override:/usr/lib/python3/dist-packages/colcon_core/task/python/colcon_distutils_commands:/home/ubuntu/ros2_ws_robottest/install/brobot_slam/lib/python3.10/site-packages:${PYTHONPATH} /usr/bin/python3 -W ignore:setup.py install is deprecated -W ignore:easy_install command is deprecated setup.py egg_info --egg-base ../../build/brobot_slam build --build-base /home/ubuntu/ros2_ws_robottest/build/brobot_slam/build install --record /home/ubuntu/ros2_ws_robottest/build/brobot_slam/install.log --single-version-externally-managed install_data
[1.640s] Level 1:colcon.colcon_core.environment:checking '/home/ubuntu/ros2_ws_robottest/install/brobot_odom' for CMake module files
[1.641s] Level 1:colcon.colcon_core.environment:checking '/home/ubuntu/ros2_ws_robottest/install/brobot_odom' for CMake config files
[1.641s] DEBUG:colcon.colcon_core.event_handler.log_command:Invoked command in '/home/ubuntu/ros2_ws_robottest/src/brobot_odom' returned '0': PYTHONPATH=/home/ubuntu/ros2_ws_robottest/build/brobot_odom/prefix_override:/usr/lib/python3/dist-packages/colcon_core/task/python/colcon_distutils_commands:/home/ubuntu/ros2_ws_robottest/install/brobot_odom/lib/python3.10/site-packages:${PYTHONPATH} /usr/bin/python3 -W ignore:setup.py install is deprecated -W ignore:easy_install command is deprecated setup.py egg_info --egg-base ../../build/brobot_odom build --build-base /home/ubuntu/ros2_ws_robottest/build/brobot_odom/build install --record /home/ubuntu/ros2_ws_robottest/build/brobot_odom/install.log --single-version-externally-managed install_data
[1.642s] Level 1:colcon.colcon_core.environment:checking '/home/ubuntu/ros2_ws_robottest/install/brobot_odom/lib'
[1.642s] Level 1:colcon.colcon_core.environment:checking '/home/ubuntu/ros2_ws_robottest/install/brobot_odom/bin'
[1.642s] Level 1:colcon.colcon_core.environment:checking '/home/ubuntu/ros2_ws_robottest/install/brobot_odom/lib/pkgconfig/brobot_odom.pc'
[1.642s] Level 1:colcon.colcon_core.environment:checking '/home/ubuntu/ros2_ws_robottest/install/brobot_odom/lib/python3.10/site-packages'
[1.642s] Level 1:colcon.colcon_core.shell:create_environment_hook('brobot_odom', 'pythonpath')
[1.642s] INFO:colcon.colcon_core.shell:Creating environment hook '/home/ubuntu/ros2_ws_robottest/install/brobot_odom/share/brobot_odom/hook/pythonpath.ps1'
[1.643s] INFO:colcon.colcon_core.shell:Creating environment descriptor '/home/ubuntu/ros2_ws_robottest/install/brobot_odom/share/brobot_odom/hook/pythonpath.dsv'
[1.643s] INFO:colcon.colcon_core.shell:Creating environment hook '/home/ubuntu/ros2_ws_robottest/install/brobot_odom/share/brobot_odom/hook/pythonpath.sh'
[1.644s] Level 1:colcon.colcon_core.environment:checking '/home/ubuntu/ros2_ws_robottest/install/brobot_odom/bin'
[1.644s] Level 1:colcon.colcon_core.environment:create_environment_scripts_only(brobot_odom)
[1.644s] INFO:colcon.colcon_core.shell:Creating package script '/home/ubuntu/ros2_ws_robottest/install/brobot_odom/share/brobot_odom/package.ps1'
[1.645s] INFO:colcon.colcon_core.shell:Creating package descriptor '/home/ubuntu/ros2_ws_robottest/install/brobot_odom/share/brobot_odom/package.dsv'
[1.645s] INFO:colcon.colcon_core.shell:Creating package script '/home/ubuntu/ros2_ws_robottest/install/brobot_odom/share/brobot_odom/package.sh'
[1.646s] INFO:colcon.colcon_core.shell:Creating package script '/home/ubuntu/ros2_ws_robottest/install/brobot_odom/share/brobot_odom/package.bash'
[1.646s] INFO:colcon.colcon_core.shell:Creating package script '/home/ubuntu/ros2_ws_robottest/install/brobot_odom/share/brobot_odom/package.zsh'
[1.647s] Level 1:colcon.colcon_core.environment:create_file_with_runtime_dependencies(/home/ubuntu/ros2_ws_robottest/install/brobot_odom/share/colcon-core/packages/brobot_odom)
[1.685s] Level 1:colcon.colcon_core.environment:checking '/home/ubuntu/ros2_ws_robottest/install/brobot_tf' for CMake module files
[1.686s] DEBUG:colcon.colcon_core.event_handler.log_command:Invoked command in '/home/ubuntu/ros2_ws_robottest/src/brobot_tf' returned '0': PYTHONPATH=/home/ubuntu/ros2_ws_robottest/build/brobot_tf/prefix_override:/usr/lib/python3/dist-packages/colcon_core/task/python/colcon_distutils_commands:/home/ubuntu/ros2_ws_robottest/install/brobot_tf/lib/python3.10/site-packages:${PYTHONPATH} /usr/bin/python3 -W ignore:setup.py install is deprecated -W ignore:easy_install command is deprecated setup.py egg_info --egg-base ../../build/brobot_tf build --build-base /home/ubuntu/ros2_ws_robottest/build/brobot_tf/build install --record /home/ubuntu/ros2_ws_robottest/build/brobot_tf/install.log --single-version-externally-managed install_data
[1.687s] Level 1:colcon.colcon_core.environment:checking '/home/ubuntu/ros2_ws_robottest/install/brobot_tf' for CMake config files
[1.687s] Level 1:colcon.colcon_core.environment:checking '/home/ubuntu/ros2_ws_robottest/install/brobot_tf/lib'
[1.688s] Level 1:colcon.colcon_core.environment:checking '/home/ubuntu/ros2_ws_robottest/install/brobot_tf/bin'
[1.688s] Level 1:colcon.colcon_core.environment:checking '/home/ubuntu/ros2_ws_robottest/install/brobot_tf/lib/pkgconfig/brobot_tf.pc'
[1.688s] Level 1:colcon.colcon_core.environment:checking '/home/ubuntu/ros2_ws_robottest/install/brobot_tf/lib/python3.10/site-packages'
[1.688s] Level 1:colcon.colcon_core.shell:create_environment_hook('brobot_tf', 'pythonpath')
[1.688s] INFO:colcon.colcon_core.shell:Creating environment hook '/home/ubuntu/ros2_ws_robottest/install/brobot_tf/share/brobot_tf/hook/pythonpath.ps1'
[1.689s] INFO:colcon.colcon_core.shell:Creating environment descriptor '/home/ubuntu/ros2_ws_robottest/install/brobot_tf/share/brobot_tf/hook/pythonpath.dsv'
[1.689s] INFO:colcon.colcon_core.shell:Creating environment hook '/home/ubuntu/ros2_ws_robottest/install/brobot_tf/share/brobot_tf/hook/pythonpath.sh'
[1.690s] Level 1:colcon.colcon_core.environment:checking '/home/ubuntu/ros2_ws_robottest/install/brobot_tf/bin'
[1.690s] Level 1:colcon.colcon_core.environment:create_environment_scripts_only(brobot_tf)
[1.690s] INFO:colcon.colcon_core.shell:Creating package script '/home/ubuntu/ros2_ws_robottest/install/brobot_tf/share/brobot_tf/package.ps1'
[1.691s] INFO:colcon.colcon_core.shell:Creating package descriptor '/home/ubuntu/ros2_ws_robottest/install/brobot_tf/share/brobot_tf/package.dsv'
[1.691s] INFO:colcon.colcon_core.shell:Creating package script '/home/ubuntu/ros2_ws_robottest/install/brobot_tf/share/brobot_tf/package.sh'
[1.692s] INFO:colcon.colcon_core.shell:Creating package script '/home/ubuntu/ros2_ws_robottest/install/brobot_tf/share/brobot_tf/package.bash'
[1.692s] INFO:colcon.colcon_core.shell:Creating package script '/home/ubuntu/ros2_ws_robottest/install/brobot_tf/share/brobot_tf/package.zsh'
[1.693s] Level 1:colcon.colcon_core.environment:create_file_with_runtime_dependencies(/home/ubuntu/ros2_ws_robottest/install/brobot_tf/share/colcon-core/packages/brobot_tf)
[1.776s] Level 1:colcon.colcon_core.environment:checking '/home/ubuntu/ros2_ws_robottest/install/brobot_navigation' for CMake module files
[1.776s] DEBUG:colcon.colcon_core.event_handler.log_command:Invoked command in '/home/ubuntu/ros2_ws_robottest/src/brobot_navigation' returned '0': PYTHONPATH=/home/ubuntu/ros2_ws_robottest/build/brobot_navigation/prefix_override:/usr/lib/python3/dist-packages/colcon_core/task/python/colcon_distutils_commands:/home/ubuntu/ros2_ws_robottest/install/brobot_navigation/lib/python3.10/site-packages:${PYTHONPATH} /usr/bin/python3 -W ignore:setup.py install is deprecated -W ignore:easy_install command is deprecated setup.py egg_info --egg-base ../../build/brobot_navigation build --build-base /home/ubuntu/ros2_ws_robottest/build/brobot_navigation/build install --record /home/ubuntu/ros2_ws_robottest/build/brobot_navigation/install.log --single-version-externally-managed install_data
[1.776s] Level 1:colcon.colcon_core.environment:checking '/home/ubuntu/ros2_ws_robottest/install/brobot_navigation' for CMake config files
[1.777s] Level 1:colcon.colcon_core.environment:checking '/home/ubuntu/ros2_ws_robottest/install/brobot_navigation/lib'
[1.777s] Level 1:colcon.colcon_core.environment:checking '/home/ubuntu/ros2_ws_robottest/install/brobot_navigation/bin'
[1.777s] Level 1:colcon.colcon_core.environment:checking '/home/ubuntu/ros2_ws_robottest/install/brobot_navigation/lib/pkgconfig/brobot_navigation.pc'
[1.777s] Level 1:colcon.colcon_core.environment:checking '/home/ubuntu/ros2_ws_robottest/install/brobot_navigation/lib/python3.10/site-packages'
[1.777s] Level 1:colcon.colcon_core.shell:create_environment_hook('brobot_navigation', 'pythonpath')
[1.777s] INFO:colcon.colcon_core.shell:Creating environment hook '/home/ubuntu/ros2_ws_robottest/install/brobot_navigation/share/brobot_navigation/hook/pythonpath.ps1'
[1.777s] INFO:colcon.colcon_core.shell:Creating environment descriptor '/home/ubuntu/ros2_ws_robottest/install/brobot_navigation/share/brobot_navigation/hook/pythonpath.dsv'
[1.778s] INFO:colcon.colcon_core.shell:Creating environment hook '/home/ubuntu/ros2_ws_robottest/install/brobot_navigation/share/brobot_navigation/hook/pythonpath.sh'
[1.778s] Level 1:colcon.colcon_core.environment:checking '/home/ubuntu/ros2_ws_robottest/install/brobot_navigation/bin'
[1.778s] Level 1:colcon.colcon_core.environment:create_environment_scripts_only(brobot_navigation)
[1.778s] INFO:colcon.colcon_core.shell:Creating package script '/home/ubuntu/ros2_ws_robottest/install/brobot_navigation/share/brobot_navigation/package.ps1'
[1.779s] INFO:colcon.colcon_core.shell:Creating package descriptor '/home/ubuntu/ros2_ws_robottest/install/brobot_navigation/share/brobot_navigation/package.dsv'
[1.779s] INFO:colcon.colcon_core.shell:Creating package script '/home/ubuntu/ros2_ws_robottest/install/brobot_navigation/share/brobot_navigation/package.sh'
[1.779s] INFO:colcon.colcon_core.shell:Creating package script '/home/ubuntu/ros2_ws_robottest/install/brobot_navigation/share/brobot_navigation/package.bash'
[1.779s] INFO:colcon.colcon_core.shell:Creating package script '/home/ubuntu/ros2_ws_robottest/install/brobot_navigation/share/brobot_navigation/package.zsh'
[1.779s] Level 1:colcon.colcon_core.environment:create_file_with_runtime_dependencies(/home/ubuntu/ros2_ws_robottest/install/brobot_navigation/share/colcon-core/packages/brobot_navigation)
[1.780s] Level 1:colcon.colcon_core.environment:checking '/home/ubuntu/ros2_ws_robottest/install/brobot_slam' for CMake module files
[1.781s] DEBUG:colcon.colcon_core.event_handler.log_command:Invoked command in '/home/ubuntu/ros2_ws_robottest/src/brobot_slam' returned '0': PYTHONPATH=/home/ubuntu/ros2_ws_robottest/build/brobot_slam/prefix_override:/usr/lib/python3/dist-packages/colcon_core/task/python/colcon_distutils_commands:/home/ubuntu/ros2_ws_robottest/install/brobot_slam/lib/python3.10/site-packages:${PYTHONPATH} /usr/bin/python3 -W ignore:setup.py install is deprecated -W ignore:easy_install command is deprecated setup.py egg_info --egg-base ../../build/brobot_slam build --build-base /home/ubuntu/ros2_ws_robottest/build/brobot_slam/build install --record /home/ubuntu/ros2_ws_robottest/build/brobot_slam/install.log --single-version-externally-managed install_data
[1.781s] Level 1:colcon.colcon_core.environment:checking '/home/ubuntu/ros2_ws_robottest/install/brobot_slam' for CMake config files
[1.781s] Level 1:colcon.colcon_core.environment:checking '/home/ubuntu/ros2_ws_robottest/install/brobot_slam/lib'
[1.781s] Level 1:colcon.colcon_core.environment:checking '/home/ubuntu/ros2_ws_robottest/install/brobot_slam/bin'
[1.782s] Level 1:colcon.colcon_core.environment:checking '/home/ubuntu/ros2_ws_robottest/install/brobot_slam/lib/pkgconfig/brobot_slam.pc'
[1.782s] Level 1:colcon.colcon_core.environment:checking '/home/ubuntu/ros2_ws_robottest/install/brobot_slam/lib/python3.10/site-packages'
[1.782s] Level 1:colcon.colcon_core.shell:create_environment_hook('brobot_slam', 'pythonpath')
[1.782s] INFO:colcon.colcon_core.shell:Creating environment hook '/home/ubuntu/ros2_ws_robottest/install/brobot_slam/share/brobot_slam/hook/pythonpath.ps1'
[1.783s] INFO:colcon.colcon_core.shell:Creating environment descriptor '/home/ubuntu/ros2_ws_robottest/install/brobot_slam/share/brobot_slam/hook/pythonpath.dsv'
[1.783s] INFO:colcon.colcon_core.shell:Creating environment hook '/home/ubuntu/ros2_ws_robottest/install/brobot_slam/share/brobot_slam/hook/pythonpath.sh'
[1.783s] Level 1:colcon.colcon_core.environment:checking '/home/ubuntu/ros2_ws_robottest/install/brobot_slam/bin'
[1.784s] Level 1:colcon.colcon_core.environment:create_environment_scripts_only(brobot_slam)
[1.784s] INFO:colcon.colcon_core.shell:Creating package script '/home/ubuntu/ros2_ws_robottest/install/brobot_slam/share/brobot_slam/package.ps1'
[1.784s] INFO:colcon.colcon_core.shell:Creating package descriptor '/home/ubuntu/ros2_ws_robottest/install/brobot_slam/share/brobot_slam/package.dsv'
[1.785s] INFO:colcon.colcon_core.shell:Creating package script '/home/ubuntu/ros2_ws_robottest/install/brobot_slam/share/brobot_slam/package.sh'
[1.785s] INFO:colcon.colcon_core.shell:Creating package script '/home/ubuntu/ros2_ws_robottest/install/brobot_slam/share/brobot_slam/package.bash'
[1.785s] INFO:colcon.colcon_core.shell:Creating package script '/home/ubuntu/ros2_ws_robottest/install/brobot_slam/share/brobot_slam/package.zsh'
[1.785s] Level 1:colcon.colcon_core.environment:create_file_with_runtime_dependencies(/home/ubuntu/ros2_ws_robottest/install/brobot_slam/share/colcon-core/packages/brobot_slam)
[1.856s] Level 1:colcon.colcon_core.environment:checking '/home/ubuntu/ros2_ws_robottest/install/brobot_joystick' for CMake module files
[1.857s] DEBUG:colcon.colcon_core.event_handler.log_command:Invoked command in '/home/ubuntu/ros2_ws_robottest/src/brobot_joystick' returned '0': PYTHONPATH=/home/ubuntu/ros2_ws_robottest/build/brobot_joystick/prefix_override:/usr/lib/python3/dist-packages/colcon_core/task/python/colcon_distutils_commands:/home/ubuntu/ros2_ws_robottest/install/brobot_joystick/lib/python3.10/site-packages:${PYTHONPATH} /usr/bin/python3 -W ignore:setup.py install is deprecated -W ignore:easy_install command is deprecated setup.py egg_info --egg-base ../../build/brobot_joystick build --build-base /home/ubuntu/ros2_ws_robottest/build/brobot_joystick/build install --record /home/ubuntu/ros2_ws_robottest/build/brobot_joystick/install.log --single-version-externally-managed install_data
[1.857s] Level 1:colcon.colcon_core.environment:checking '/home/ubuntu/ros2_ws_robottest/install/brobot_joystick' for CMake config files
[1.858s] Level 1:colcon.colcon_core.environment:checking '/home/ubuntu/ros2_ws_robottest/install/brobot_joystick/lib'
[1.858s] Level 1:colcon.colcon_core.environment:checking '/home/ubuntu/ros2_ws_robottest/install/brobot_joystick/bin'
[1.858s] Level 1:colcon.colcon_core.environment:checking '/home/ubuntu/ros2_ws_robottest/install/brobot_joystick/lib/pkgconfig/brobot_joystick.pc'
[1.858s] Level 1:colcon.colcon_core.environment:checking '/home/ubuntu/ros2_ws_robottest/install/brobot_joystick/lib/python3.10/site-packages'
[1.858s] Level 1:colcon.colcon_core.shell:create_environment_hook('brobot_joystick', 'pythonpath')
[1.859s] INFO:colcon.colcon_core.shell:Creating environment hook '/home/ubuntu/ros2_ws_robottest/install/brobot_joystick/share/brobot_joystick/hook/pythonpath.ps1'
[1.859s] INFO:colcon.colcon_core.shell:Creating environment descriptor '/home/ubuntu/ros2_ws_robottest/install/brobot_joystick/share/brobot_joystick/hook/pythonpath.dsv'
[1.859s] INFO:colcon.colcon_core.shell:Creating environment hook '/home/ubuntu/ros2_ws_robottest/install/brobot_joystick/share/brobot_joystick/hook/pythonpath.sh'
[1.860s] Level 1:colcon.colcon_core.environment:checking '/home/ubuntu/ros2_ws_robottest/install/brobot_joystick/bin'
[1.860s] Level 1:colcon.colcon_core.environment:create_environment_scripts_only(brobot_joystick)
[1.860s] INFO:colcon.colcon_core.shell:Creating package script '/home/ubuntu/ros2_ws_robottest/install/brobot_joystick/share/brobot_joystick/package.ps1'
[1.861s] INFO:colcon.colcon_core.shell:Creating package descriptor '/home/ubuntu/ros2_ws_robottest/install/brobot_joystick/share/brobot_joystick/package.dsv'
[1.861s] INFO:colcon.colcon_core.shell:Creating package script '/home/ubuntu/ros2_ws_robottest/install/brobot_joystick/share/brobot_joystick/package.sh'
[1.862s] INFO:colcon.colcon_core.shell:Creating package script '/home/ubuntu/ros2_ws_robottest/install/brobot_joystick/share/brobot_joystick/package.bash'
[1.862s] INFO:colcon.colcon_core.shell:Creating package script '/home/ubuntu/ros2_ws_robottest/install/brobot_joystick/share/brobot_joystick/package.zsh'
[1.862s] Level 1:colcon.colcon_core.environment:create_file_with_runtime_dependencies(/home/ubuntu/ros2_ws_robottest/install/brobot_joystick/share/colcon-core/packages/brobot_joystick)
[1.863s] Level 1:colcon.colcon_core.environment:checking '/home/ubuntu/ros2_ws_robottest/install/brobot_display' for CMake module files
[1.864s] Level 1:colcon.colcon_core.environment:checking '/home/ubuntu/ros2_ws_robottest/install/brobot_display' for CMake config files
[1.864s] DEBUG:colcon.colcon_core.event_handler.log_command:Invoked command in '/home/ubuntu/ros2_ws_robottest/src/brobot_display' returned '0': PYTHONPATH=/home/ubuntu/ros2_ws_robottest/build/brobot_display/prefix_override:/usr/lib/python3/dist-packages/colcon_core/task/python/colcon_distutils_commands:/home/ubuntu/ros2_ws_robottest/install/brobot_display/lib/python3.10/site-packages:${PYTHONPATH} /usr/bin/python3 -W ignore:setup.py install is deprecated -W ignore:easy_install command is deprecated setup.py egg_info --egg-base ../../build/brobot_display build --build-base /home/ubuntu/ros2_ws_robottest/build/brobot_display/build install --record /home/ubuntu/ros2_ws_robottest/build/brobot_display/install.log --single-version-externally-managed install_data
[1.864s] Level 1:colcon.colcon_core.environment:checking '/home/ubuntu/ros2_ws_robottest/install/brobot_display/lib'
[1.864s] Level 1:colcon.colcon_core.environment:checking '/home/ubuntu/ros2_ws_robottest/install/brobot_display/bin'
[1.864s] Level 1:colcon.colcon_core.environment:checking '/home/ubuntu/ros2_ws_robottest/install/brobot_display/lib/pkgconfig/brobot_display.pc'
[1.864s] Level 1:colcon.colcon_core.environment:checking '/home/ubuntu/ros2_ws_robottest/install/brobot_display/lib/python3.10/site-packages'
[1.865s] Level 1:colcon.colcon_core.shell:create_environment_hook('brobot_display', 'pythonpath')
[1.865s] INFO:colcon.colcon_core.shell:Creating environment hook '/home/ubuntu/ros2_ws_robottest/install/brobot_display/share/brobot_display/hook/pythonpath.ps1'
[1.865s] INFO:colcon.colcon_core.shell:Creating environment descriptor '/home/ubuntu/ros2_ws_robottest/install/brobot_display/share/brobot_display/hook/pythonpath.dsv'
[1.865s] INFO:colcon.colcon_core.shell:Creating environment hook '/home/ubuntu/ros2_ws_robottest/install/brobot_display/share/brobot_display/hook/pythonpath.sh'
[1.865s] Level 1:colcon.colcon_core.environment:checking '/home/ubuntu/ros2_ws_robottest/install/brobot_display/bin'
[1.865s] Level 1:colcon.colcon_core.environment:create_environment_scripts_only(brobot_display)
[1.866s] INFO:colcon.colcon_core.shell:Creating package script '/home/ubuntu/ros2_ws_robottest/install/brobot_display/share/brobot_display/package.ps1'
[1.866s] INFO:colcon.colcon_core.shell:Creating package descriptor '/home/ubuntu/ros2_ws_robottest/install/brobot_display/share/brobot_display/package.dsv'
[1.866s] INFO:colcon.colcon_core.shell:Creating package script '/home/ubuntu/ros2_ws_robottest/install/brobot_display/share/brobot_display/package.sh'
[1.866s] INFO:colcon.colcon_core.shell:Creating package script '/home/ubuntu/ros2_ws_robottest/install/brobot_display/share/brobot_display/package.bash'
[1.866s] INFO:colcon.colcon_core.shell:Creating package script '/home/ubuntu/ros2_ws_robottest/install/brobot_display/share/brobot_display/package.zsh'
[1.867s] Level 1:colcon.colcon_core.environment:create_file_with_runtime_dependencies(/home/ubuntu/ros2_ws_robottest/install/brobot_display/share/colcon-core/packages/brobot_display)
[1.867s] DEBUG:colcon.colcon_parallel_executor.executor.parallel:closing loop
[1.867s] DEBUG:colcon.colcon_parallel_executor.executor.parallel:loop closed
[1.867s] DEBUG:colcon.colcon_parallel_executor.executor.parallel:run_until_complete finished with '0'
[1.867s] DEBUG:colcon.colcon_core.event_reactor:joining thread
[1.871s] INFO:colcon.colcon_core.plugin_system:Skipping extension 'colcon_notification.desktop_notification.terminal_notifier': Not used on non-Darwin systems
[1.871s] INFO:colcon.colcon_core.plugin_system:Skipping extension 'colcon_notification.desktop_notification.win32': Not used on non-Windows systems
[1.871s] INFO:colcon.colcon_notification.desktop_notification:Sending desktop notification using 'notify2'
[1.879s] DEBUG:colcon.colcon_core.event_reactor:joined thread
[1.879s] INFO:colcon.colcon_core.shell:Creating prefix script '/home/ubuntu/ros2_ws_robottest/install/local_setup.ps1'
[1.880s] INFO:colcon.colcon_core.shell:Creating prefix util module '/home/ubuntu/ros2_ws_robottest/install/_local_setup_util_ps1.py'
[1.881s] INFO:colcon.colcon_core.shell:Creating prefix chain script '/home/ubuntu/ros2_ws_robottest/install/setup.ps1'
[1.882s] INFO:colcon.colcon_core.shell:Creating prefix script '/home/ubuntu/ros2_ws_robottest/install/local_setup.sh'
[1.882s] INFO:colcon.colcon_core.shell:Creating prefix util module '/home/ubuntu/ros2_ws_robottest/install/_local_setup_util_sh.py'
[1.883s] INFO:colcon.colcon_core.shell:Creating prefix chain script '/home/ubuntu/ros2_ws_robottest/install/setup.sh'
[1.883s] INFO:colcon.colcon_core.shell:Creating prefix script '/home/ubuntu/ros2_ws_robottest/install/local_setup.bash'
[1.884s] INFO:colcon.colcon_core.shell:Creating prefix chain script '/home/ubuntu/ros2_ws_robottest/install/setup.bash'
[1.884s] INFO:colcon.colcon_core.shell:Creating prefix script '/home/ubuntu/ros2_ws_robottest/install/local_setup.zsh'
[1.885s] INFO:colcon.colcon_core.shell:Creating prefix chain script '/home/ubuntu/ros2_ws_robottest/install/setup.zsh'
