[1.711s] Invoking command in '/home/ubuntu/ros2_ws_robottest/src/brobot_slam': PYTHONPATH=/home/ubuntu/ros2_ws_robottest/build/brobot_slam/prefix_override:/usr/lib/python3/dist-packages/colcon_core/task/python/colcon_distutils_commands:/home/ubuntu/ros2_ws_robottest/install/brobot_slam/lib/python3.10/site-packages:${PYTHONPATH} /usr/bin/python3 -W ignore:setup.py install is deprecated -W ignore:easy_install command is deprecated setup.py egg_info --egg-base ../../build/brobot_slam build --build-base /home/ubuntu/ros2_ws_robottest/build/brobot_slam/build install --record /home/ubuntu/ros2_ws_robottest/build/brobot_slam/install.log --single-version-externally-managed install_data
[1.991s] running egg_info
[1.994s] writing ../../build/brobot_slam/brobot_slam.egg-info/PKG-INFO
[1.995s] writing dependency_links to ../../build/brobot_slam/brobot_slam.egg-info/dependency_links.txt
[1.995s] writing entry points to ../../build/brobot_slam/brobot_slam.egg-info/entry_points.txt
[1.995s] writing requirements to ../../build/brobot_slam/brobot_slam.egg-info/requires.txt
[1.996s] writing top-level names to ../../build/brobot_slam/brobot_slam.egg-info/top_level.txt
[1.998s] reading manifest file '../../build/brobot_slam/brobot_slam.egg-info/SOURCES.txt'
[1.998s] writing manifest file '../../build/brobot_slam/brobot_slam.egg-info/SOURCES.txt'
[1.999s] running build
[1.999s] running build_py
[1.999s] running install
[1.999s] running install_lib
[2.001s] running install_data
[2.001s] running install_egg_info
[2.008s] removing '/home/ubuntu/ros2_ws_robottest/install/brobot_slam/lib/python3.10/site-packages/brobot_slam-0.0.1-py3.10.egg-info' (and everything under it)
[2.009s] Copying ../../build/brobot_slam/brobot_slam.egg-info to /home/ubuntu/ros2_ws_robottest/install/brobot_slam/lib/python3.10/site-packages/brobot_slam-0.0.1-py3.10.egg-info
[2.012s] running install_scripts
[2.043s] writing list of installed files to '/home/ubuntu/ros2_ws_robottest/build/brobot_slam/install.log'
[2.106s] Invoked command in '/home/ubuntu/ros2_ws_robottest/src/brobot_slam' returned '0': PYTHONPATH=/home/ubuntu/ros2_ws_robottest/build/brobot_slam/prefix_override:/usr/lib/python3/dist-packages/colcon_core/task/python/colcon_distutils_commands:/home/ubuntu/ros2_ws_robottest/install/brobot_slam/lib/python3.10/site-packages:${PYTHONPATH} /usr/bin/python3 -W ignore:setup.py install is deprecated -W ignore:easy_install command is deprecated setup.py egg_info --egg-base ../../build/brobot_slam build --build-base /home/ubuntu/ros2_ws_robottest/build/brobot_slam/build install --record /home/ubuntu/ros2_ws_robottest/build/brobot_slam/install.log --single-version-externally-managed install_data
